@!@!@STARTMSG 2262:0 @!@!@
TLC2 Version 2.14 of 10 July 2019
@!@!@ENDMSG 2262 @!@!@
@!@!@STARTMSG 2187:0 @!@!@
Running breadth-first search Model-Checking with fp 40 and seed -1990883904504684231 with 6 workers on 6 cores with 935MB heap and 2100MB offheap memory [pid: 1640] (Windows 10 10.0 amd64, AdoptOpenJDK 11.0.3 x86_64, OffHeapDiskFPSet, DiskStateQueue).
@!@!@ENDMSG 2187 @!@!@
@!@!@STARTMSG 2220:0 @!@!@
Starting SANY...
@!@!@ENDMSG 2220 @!@!@
Parsing file D:\workspace\daviszhen\raft.tla\raft_1.toolbox\Unique_Leader_Copy\MC.tla
Parsing file D:\workspace\daviszhen\raft.tla\raft_1.toolbox\Unique_Leader_Copy\raft.tla
Parsing file D:\tla-toolbox\plugins\org.lamport.tlatools_1.0.0.201907102009\tla2sany\StandardModules\TLC.tla
Parsing file D:\tla-toolbox\plugins\org.lamport.tlatools_1.0.0.201907102009\tla2sany\StandardModules\Naturals.tla
Parsing file D:\tla-toolbox\plugins\org.lamport.tlatools_1.0.0.201907102009\tla2sany\StandardModules\FiniteSets.tla
Parsing file D:\tla-toolbox\plugins\org.lamport.tlatools_1.0.0.201907102009\tla2sany\StandardModules\Sequences.tla
Semantic processing of module Naturals
Semantic processing of module Sequences
Semantic processing of module FiniteSets
Semantic processing of module TLC
Semantic processing of module raft
Semantic processing of module MC
@!@!@STARTMSG 2219:0 @!@!@
SANY finished.
@!@!@ENDMSG 2219 @!@!@
@!@!@STARTMSG 2185:0 @!@!@
Starting... (2020-04-11 16:54:34)
@!@!@ENDMSG 2185 @!@!@
@!@!@STARTMSG 2189:0 @!@!@
Computing initial states...
@!@!@ENDMSG 2189 @!@!@
@!@!@STARTMSG 2190:0 @!@!@
Finished computing initial states: 1 distinct state generated at 2020-04-11 16:54:35.
@!@!@ENDMSG 2190 @!@!@
@!@!@STARTMSG 2200:0 @!@!@
Progress(11) at 2020-04-11 16:54:38: 414,592 states generated (414,592 s/min), 80,094 distinct states found (80,094 ds/min), 56,989 states left on queue.
@!@!@ENDMSG 2200 @!@!@
@!@!@STARTMSG 2200:0 @!@!@
Progress(14) at 2020-04-11 16:55:38: 22,294,576 states generated (21,879,984 s/min), 3,131,919 distinct states found (3,051,825 ds/min), 2,070,670 states left on queue.
@!@!@ENDMSG 2200 @!@!@
@!@!@STARTMSG 2200:0 @!@!@
Progress(15) at 2020-04-11 16:56:39: 46,350,747 states generated (24,056,171 s/min), 6,241,847 distinct states found (3,109,928 ds/min), 4,102,547 states left on queue.
@!@!@ENDMSG 2200 @!@!@
@!@!@STARTMSG 2200:0 @!@!@
Progress(15) at 2020-04-11 16:57:39: 68,610,166 states generated (22,259,419 s/min), 8,881,571 distinct states found (2,639,724 ds/min), 5,755,724 states left on queue.
@!@!@ENDMSG 2200 @!@!@
