@!@!@STARTMSG 2262:0 @!@!@
TLC2 Version 2.14 of 10 July 2019
@!@!@ENDMSG 2262 @!@!@
@!@!@STARTMSG 2187:0 @!@!@
Running breadth-first search Model-Checking with fp 14 and seed -5784503009238275604 with 12 workers on 6 cores with 1221MB heap and 2747MB offheap memory [pid: 7116] (Windows 10 10.0 amd64, AdoptOpenJDK 11.0.3 x86_64, OffHeapDiskFPSet, DiskStateQueue).
@!@!@ENDMSG 2187 @!@!@
@!@!@STARTMSG 2220:0 @!@!@
Starting SANY...
@!@!@ENDMSG 2220 @!@!@
Parsing file D:\workspace\daviszhen\raft.tla\raft_1.toolbox\Unique_Leader_Copy\MC.tla
Parsing file D:\workspace\daviszhen\raft.tla\raft_1.toolbox\Unique_Leader_Copy\raft.tla
Parsing file D:\tla-toolbox\plugins\org.lamport.tlatools_1.0.0.201907102009\tla2sany\StandardModules\TLC.tla
Parsing file D:\tla-toolbox\plugins\org.lamport.tlatools_1.0.0.201907102009\tla2sany\StandardModules\Naturals.tla
Parsing file D:\tla-toolbox\plugins\org.lamport.tlatools_1.0.0.201907102009\tla2sany\StandardModules\FiniteSets.tla
Parsing file D:\tla-toolbox\plugins\org.lamport.tlatools_1.0.0.201907102009\tla2sany\StandardModules\Sequences.tla
Semantic processing of module Naturals
Semantic processing of module Sequences
Semantic processing of module FiniteSets
Semantic processing of module TLC
Semantic processing of module raft
Semantic processing of module MC
@!@!@STARTMSG 2219:0 @!@!@
SANY finished.
@!@!@ENDMSG 2219 @!@!@
@!@!@STARTMSG 2185:0 @!@!@
Starting... (2020-04-04 16:41:08)
@!@!@ENDMSG 2185 @!@!@
@!@!@STARTMSG 2189:0 @!@!@
Computing initial states...
@!@!@ENDMSG 2189 @!@!@
@!@!@STARTMSG 2190:0 @!@!@
Finished computing initial states: 1 distinct state generated at 2020-04-04 16:41:09.
@!@!@ENDMSG 2190 @!@!@
@!@!@STARTMSG 2200:0 @!@!@
Progress(15) at 2020-04-04 16:41:12: 807,729 states generated (807,729 s/min), 99,343 distinct states found (99,343 ds/min), 44,924 states left on queue.
@!@!@ENDMSG 2200 @!@!@
@!@!@STARTMSG 2143:3 @!@!@
The variable commitIndex was changed while it is specified as UNCHANGED at
line 75, col 19 to line 75, col 29 of module raft
@!@!@ENDMSG 2143 @!@!@
@!@!@STARTMSG 2200:0 @!@!@
Progress(22) at 2020-04-04 16:42:12: 34,952,892 states generated (34,145,163 s/min), 3,301,410 distinct states found (3,202,067 ds/min), 1,260,823 states left on queue.
@!@!@ENDMSG 2200 @!@!@
@!@!@STARTMSG 2200:0 @!@!@
Progress(24) at 2020-04-04 16:43:13: 66,133,250 states generated (31,180,358 s/min), 6,493,595 distinct states found (3,192,185 ds/min), 2,670,924 states left on queue.
@!@!@ENDMSG 2200 @!@!@
@!@!@STARTMSG 2200:0 @!@!@
Progress(24) at 2020-04-04 16:44:13: 96,899,714 states generated (30,766,464 s/min), 9,512,598 distinct states found (3,019,003 ds/min), 4,053,820 states left on queue.
@!@!@ENDMSG 2200 @!@!@
@!@!@STARTMSG 2200:0 @!@!@
Progress(25) at 2020-04-04 16:45:13: 127,135,405 states generated (30,235,691 s/min), 12,683,731 distinct states found (3,171,133 ds/min), 5,513,873 states left on queue.
@!@!@ENDMSG 2200 @!@!@
