@!@!@STARTMSG 2262:0 @!@!@
TLC2 Version 2.14 of 10 July 2019
@!@!@ENDMSG 2262 @!@!@
@!@!@STARTMSG 2188:0 @!@!@
Running Random Simulation with seed -5139882203543405201 with 6 workers on 6 cores with 599MB heap and 1346MB offheap memory [pid: 6868] (Windows 10 10.0 amd64, AdoptOpenJDK 11.0.3 x86_64).
@!@!@ENDMSG 2188 @!@!@
@!@!@STARTMSG 2220:0 @!@!@
Starting SANY...
@!@!@ENDMSG 2220 @!@!@
Parsing file D:\workspace\daviszhen\raft.tla\Raft_Term_Not_Persisted_1.toolbox\TermNotPersited_DoubleLeader_Copy_SnapShot_1585993791139\MC.tla
Parsing file D:\workspace\daviszhen\raft.tla\Raft_Term_Not_Persisted_1.toolbox\TermNotPersited_DoubleLeader_Copy_SnapShot_1585993791139\Raft_Term_Not_Persisted.tla
Parsing file D:\tla-toolbox\plugins\org.lamport.tlatools_1.0.0.201907102009\tla2sany\StandardModules\TLC.tla
Parsing file D:\tla-toolbox\plugins\org.lamport.tlatools_1.0.0.201907102009\tla2sany\StandardModules\Naturals.tla
Parsing file D:\tla-toolbox\plugins\org.lamport.tlatools_1.0.0.201907102009\tla2sany\StandardModules\FiniteSets.tla
Parsing file D:\tla-toolbox\plugins\org.lamport.tlatools_1.0.0.201907102009\tla2sany\StandardModules\Sequences.tla
Semantic processing of module Naturals
Semantic processing of module Sequences
Semantic processing of module FiniteSets
Semantic processing of module TLC
Semantic processing of module Raft_Term_Not_Persisted
Semantic processing of module MC
@!@!@STARTMSG 2219:0 @!@!@
SANY finished.
@!@!@ENDMSG 2219 @!@!@
@!@!@STARTMSG 2185:0 @!@!@
Starting... (2020-04-05 18:39:56)
@!@!@ENDMSG 2185 @!@!@
@!@!@STARTMSG 2269:0 @!@!@
Computed 1 initial states...
@!@!@ENDMSG 2269 @!@!@
@!@!@STARTMSG 2209:0 @!@!@
Progress(-1) at 2020-04-05 18:40:56: 43534088 states generated, -1 distinct states found, -1 states left on queue.
@!@!@ENDMSG 2209 @!@!@
@!@!@STARTMSG 2110:1 @!@!@
Invariant inv_158608319543211000 is violated.
@!@!@ENDMSG 2110 @!@!@
@!@!@STARTMSG 2121:1 @!@!@
The behavior up to this point is:
@!@!@ENDMSG 2121 @!@!@
@!@!@STARTMSG 2216:4 @!@!@
1:
/\ elections = {}
/\ committedLogDecrease = FALSE
/\ messages = << >>
/\ clientRequests = 1
/\ matchIndex = [ s1 |-> [s1 |-> 0, s2 |-> 0, s3 |-> 0],
  s2 |-> [s1 |-> 0, s2 |-> 0, s3 |-> 0],
  s3 |-> [s1 |-> 0, s2 |-> 0, s3 |-> 0] ]
/\ log = [s1 |-> <<>>, s2 |-> <<>>, s3 |-> <<>>]
/\ state = [s1 |-> Follower, s2 |-> Follower, s3 |-> Follower]
/\ allLogs = {}
/\ commitIndex = [s1 |-> 0, s2 |-> 0, s3 |-> 0]
/\ currentTerm = [s1 |-> 1, s2 |-> 1, s3 |-> 1]
/\ committedLog = <<>>
/\ nextIndex = [ s1 |-> [s1 |-> 1, s2 |-> 1, s3 |-> 1],
  s2 |-> [s1 |-> 1, s2 |-> 1, s3 |-> 1],
  s3 |-> [s1 |-> 1, s2 |-> 1, s3 |-> 1] ]
/\ votesGranted = [s1 |-> {}, s2 |-> {}, s3 |-> {}]
/\ votesSent = [s1 |-> FALSE, s2 |-> FALSE, s3 |-> FALSE]
/\ voterLog = [s1 |-> << >>, s2 |-> << >>, s3 |-> << >>]
/\ votedFor = [s1 |-> Nil, s2 |-> Nil, s3 |-> Nil]

@!@!@ENDMSG 2216 @!@!@
@!@!@STARTMSG 2216:4 @!@!@
2:
/\ elections = {}
/\ committedLogDecrease = FALSE
/\ messages = << >>
/\ clientRequests = 1
/\ matchIndex = [ s1 |-> [s1 |-> 0, s2 |-> 0, s3 |-> 0],
  s2 |-> [s1 |-> 0, s2 |-> 0, s3 |-> 0],
  s3 |-> [s1 |-> 0, s2 |-> 0, s3 |-> 0] ]
/\ log = [s1 |-> <<>>, s2 |-> <<>>, s3 |-> <<>>]
/\ state = [s1 |-> Follower, s2 |-> Follower, s3 |-> Follower]
/\ allLogs = {<<>>}
/\ commitIndex = [s1 |-> 0, s2 |-> 0, s3 |-> 0]
/\ currentTerm = [s1 |-> 1, s2 |-> 1, s3 |-> 1]
/\ committedLog = <<>>
/\ nextIndex = [ s1 |-> [s1 |-> 1, s2 |-> 1, s3 |-> 1],
  s2 |-> [s1 |-> 1, s2 |-> 1, s3 |-> 1],
  s3 |-> [s1 |-> 1, s2 |-> 1, s3 |-> 1] ]
/\ votesGranted = [s1 |-> {}, s2 |-> {}, s3 |-> {}]
/\ votesSent = [s1 |-> FALSE, s2 |-> FALSE, s3 |-> FALSE]
/\ voterLog = [s1 |-> << >>, s2 |-> << >>, s3 |-> << >>]
/\ votedFor = [s1 |-> Nil, s2 |-> Nil, s3 |-> Nil]

@!@!@ENDMSG 2216 @!@!@
@!@!@STARTMSG 2216:4 @!@!@
3:
/\ elections = {}
/\ committedLogDecrease = FALSE
/\ messages = << >>
/\ clientRequests = 1
/\ matchIndex = [ s1 |-> [s1 |-> 0, s2 |-> 0, s3 |-> 0],
  s2 |-> [s1 |-> 0, s2 |-> 0, s3 |-> 0],
  s3 |-> [s1 |-> 0, s2 |-> 0, s3 |-> 0] ]
/\ log = [s1 |-> <<>>, s2 |-> <<>>, s3 |-> <<>>]
/\ state = [s1 |-> Follower, s2 |-> Follower, s3 |-> Follower]
/\ allLogs = {<<>>}
/\ commitIndex = [s1 |-> 0, s2 |-> 0, s3 |-> 0]
/\ currentTerm = [s1 |-> 1, s2 |-> 1, s3 |-> 1]
/\ committedLog = <<>>
/\ nextIndex = [ s1 |-> [s1 |-> 1, s2 |-> 1, s3 |-> 1],
  s2 |-> [s1 |-> 1, s2 |-> 1, s3 |-> 1],
  s3 |-> [s1 |-> 1, s2 |-> 1, s3 |-> 1] ]
/\ votesGranted = [s1 |-> {}, s2 |-> {}, s3 |-> {}]
/\ votesSent = [s1 |-> FALSE, s2 |-> FALSE, s3 |-> FALSE]
/\ voterLog = [s1 |-> << >>, s2 |-> << >>, s3 |-> << >>]
/\ votedFor = [s1 |-> Nil, s2 |-> Nil, s3 |-> Nil]

@!@!@ENDMSG 2216 @!@!@
@!@!@STARTMSG 2216:4 @!@!@
4:
/\ elections = {}
/\ committedLogDecrease = FALSE
/\ messages = << >>
/\ clientRequests = 1
/\ matchIndex = [ s1 |-> [s1 |-> 0, s2 |-> 0, s3 |-> 0],
  s2 |-> [s1 |-> 0, s2 |-> 0, s3 |-> 0],
  s3 |-> [s1 |-> 0, s2 |-> 0, s3 |-> 0] ]
/\ log = [s1 |-> <<>>, s2 |-> <<>>, s3 |-> <<>>]
/\ state = [s1 |-> Follower, s2 |-> Follower, s3 |-> Candidate]
/\ allLogs = {<<>>}
/\ commitIndex = [s1 |-> 0, s2 |-> 0, s3 |-> 0]
/\ currentTerm = [s1 |-> 1, s2 |-> 1, s3 |-> 2]
/\ committedLog = <<>>
/\ nextIndex = [ s1 |-> [s1 |-> 1, s2 |-> 1, s3 |-> 1],
  s2 |-> [s1 |-> 1, s2 |-> 1, s3 |-> 1],
  s3 |-> [s1 |-> 1, s2 |-> 1, s3 |-> 1] ]
/\ votesGranted = [s1 |-> {}, s2 |-> {}, s3 |-> {}]
/\ votesSent = [s1 |-> FALSE, s2 |-> FALSE, s3 |-> FALSE]
/\ voterLog = [s1 |-> << >>, s2 |-> << >>, s3 |-> << >>]
/\ votedFor = [s1 |-> Nil, s2 |-> Nil, s3 |-> Nil]

@!@!@ENDMSG 2216 @!@!@
@!@!@STARTMSG 2216:4 @!@!@
5:
/\ elections = {}
/\ committedLogDecrease = FALSE
/\ messages = ( [ mtype |-> RequestVoteRequest,
    mterm |-> 2,
    mlastLogTerm |-> 0,
    mlastLogIndex |-> 0,
    msource |-> "s3",
    mdest |-> "s3" ] :>
      1 )
/\ clientRequests = 1
/\ matchIndex = [ s1 |-> [s1 |-> 0, s2 |-> 0, s3 |-> 0],
  s2 |-> [s1 |-> 0, s2 |-> 0, s3 |-> 0],
  s3 |-> [s1 |-> 0, s2 |-> 0, s3 |-> 0] ]
/\ log = [s1 |-> <<>>, s2 |-> <<>>, s3 |-> <<>>]
/\ state = [s1 |-> Follower, s2 |-> Follower, s3 |-> Candidate]
/\ allLogs = {<<>>}
/\ commitIndex = [s1 |-> 0, s2 |-> 0, s3 |-> 0]
/\ currentTerm = [s1 |-> 1, s2 |-> 1, s3 |-> 2]
/\ committedLog = <<>>
/\ nextIndex = [ s1 |-> [s1 |-> 1, s2 |-> 1, s3 |-> 1],
  s2 |-> [s1 |-> 1, s2 |-> 1, s3 |-> 1],
  s3 |-> [s1 |-> 1, s2 |-> 1, s3 |-> 1] ]
/\ votesGranted = [s1 |-> {}, s2 |-> {}, s3 |-> {}]
/\ votesSent = [s1 |-> FALSE, s2 |-> FALSE, s3 |-> FALSE]
/\ voterLog = [s1 |-> << >>, s2 |-> << >>, s3 |-> << >>]
/\ votedFor = [s1 |-> Nil, s2 |-> Nil, s3 |-> Nil]

@!@!@ENDMSG 2216 @!@!@
@!@!@STARTMSG 2216:4 @!@!@
6:
/\ elections = {}
/\ committedLogDecrease = FALSE
/\ messages = ( [ mtype |-> RequestVoteRequest,
    mterm |-> 2,
    mlastLogTerm |-> 0,
    mlastLogIndex |-> 0,
    msource |-> "s3",
    mdest |-> "s1" ] :>
      1 @@
  [ mtype |-> RequestVoteRequest,
    mterm |-> 2,
    mlastLogTerm |-> 0,
    mlastLogIndex |-> 0,
    msource |-> "s3",
    mdest |-> "s3" ] :>
      1 )
/\ clientRequests = 1
/\ matchIndex = [ s1 |-> [s1 |-> 0, s2 |-> 0, s3 |-> 0],
  s2 |-> [s1 |-> 0, s2 |-> 0, s3 |-> 0],
  s3 |-> [s1 |-> 0, s2 |-> 0, s3 |-> 0] ]
/\ log = [s1 |-> <<>>, s2 |-> <<>>, s3 |-> <<>>]
/\ state = [s1 |-> Follower, s2 |-> Follower, s3 |-> Candidate]
/\ allLogs = {<<>>}
/\ commitIndex = [s1 |-> 0, s2 |-> 0, s3 |-> 0]
/\ currentTerm = [s1 |-> 1, s2 |-> 1, s3 |-> 2]
/\ committedLog = <<>>
/\ nextIndex = [ s1 |-> [s1 |-> 1, s2 |-> 1, s3 |-> 1],
  s2 |-> [s1 |-> 1, s2 |-> 1, s3 |-> 1],
  s3 |-> [s1 |-> 1, s2 |-> 1, s3 |-> 1] ]
/\ votesGranted = [s1 |-> {}, s2 |-> {}, s3 |-> {}]
/\ votesSent = [s1 |-> FALSE, s2 |-> FALSE, s3 |-> FALSE]
/\ voterLog = [s1 |-> << >>, s2 |-> << >>, s3 |-> << >>]
/\ votedFor = [s1 |-> Nil, s2 |-> Nil, s3 |-> Nil]

@!@!@ENDMSG 2216 @!@!@
@!@!@STARTMSG 2216:4 @!@!@
7:
/\ elections = {}
/\ committedLogDecrease = FALSE
/\ messages = ( [ mtype |-> RequestVoteRequest,
    mterm |-> 2,
    mlastLogTerm |-> 0,
    mlastLogIndex |-> 0,
    msource |-> "s3",
    mdest |-> "s1" ] :>
      1 @@
  [ mtype |-> RequestVoteRequest,
    mterm |-> 2,
    mlastLogTerm |-> 0,
    mlastLogIndex |-> 0,
    msource |-> "s3",
    mdest |-> "s3" ] :>
      1 )
/\ clientRequests = 1
/\ matchIndex = [ s1 |-> [s1 |-> 0, s2 |-> 0, s3 |-> 0],
  s2 |-> [s1 |-> 0, s2 |-> 0, s3 |-> 0],
  s3 |-> [s1 |-> 0, s2 |-> 0, s3 |-> 0] ]
/\ log = [s1 |-> <<>>, s2 |-> <<>>, s3 |-> <<>>]
/\ state = [s1 |-> Follower, s2 |-> Follower, s3 |-> Candidate]
/\ allLogs = {<<>>}
/\ commitIndex = [s1 |-> 0, s2 |-> 0, s3 |-> 0]
/\ currentTerm = [s1 |-> 1, s2 |-> 1, s3 |-> 2]
/\ committedLog = <<>>
/\ nextIndex = [ s1 |-> [s1 |-> 1, s2 |-> 1, s3 |-> 1],
  s2 |-> [s1 |-> 1, s2 |-> 1, s3 |-> 1],
  s3 |-> [s1 |-> 1, s2 |-> 1, s3 |-> 1] ]
/\ votesGranted = [s1 |-> {}, s2 |-> {}, s3 |-> {}]
/\ votesSent = [s1 |-> FALSE, s2 |-> FALSE, s3 |-> FALSE]
/\ voterLog = [s1 |-> << >>, s2 |-> << >>, s3 |-> << >>]
/\ votedFor = [s1 |-> Nil, s2 |-> Nil, s3 |-> Nil]

@!@!@ENDMSG 2216 @!@!@
@!@!@STARTMSG 2216:4 @!@!@
8:
/\ elections = {}
/\ committedLogDecrease = FALSE
/\ messages = ( [ mtype |-> RequestVoteRequest,
    mterm |-> 2,
    mlastLogTerm |-> 0,
    mlastLogIndex |-> 0,
    msource |-> "s3",
    mdest |-> "s1" ] :>
      1 @@
  [ mtype |-> RequestVoteRequest,
    mterm |-> 2,
    mlastLogTerm |-> 0,
    mlastLogIndex |-> 0,
    msource |-> "s3",
    mdest |-> "s3" ] :>
      1 )
/\ clientRequests = 1
/\ matchIndex = [ s1 |-> [s1 |-> 0, s2 |-> 0, s3 |-> 0],
  s2 |-> [s1 |-> 0, s2 |-> 0, s3 |-> 0],
  s3 |-> [s1 |-> 0, s2 |-> 0, s3 |-> 0] ]
/\ log = [s1 |-> <<>>, s2 |-> <<>>, s3 |-> <<>>]
/\ state = [s1 |-> Follower, s2 |-> Candidate, s3 |-> Candidate]
/\ allLogs = {<<>>}
/\ commitIndex = [s1 |-> 0, s2 |-> 0, s3 |-> 0]
/\ currentTerm = [s1 |-> 1, s2 |-> 2, s3 |-> 2]
/\ committedLog = <<>>
/\ nextIndex = [ s1 |-> [s1 |-> 1, s2 |-> 1, s3 |-> 1],
  s2 |-> [s1 |-> 1, s2 |-> 1, s3 |-> 1],
  s3 |-> [s1 |-> 1, s2 |-> 1, s3 |-> 1] ]
/\ votesGranted = [s1 |-> {}, s2 |-> {}, s3 |-> {}]
/\ votesSent = [s1 |-> FALSE, s2 |-> FALSE, s3 |-> FALSE]
/\ voterLog = [s1 |-> << >>, s2 |-> << >>, s3 |-> << >>]
/\ votedFor = [s1 |-> Nil, s2 |-> Nil, s3 |-> Nil]

@!@!@ENDMSG 2216 @!@!@
@!@!@STARTMSG 2216:4 @!@!@
9:
/\ elections = {}
/\ committedLogDecrease = FALSE
/\ messages = ( [ mtype |-> RequestVoteRequest,
    mterm |-> 2,
    mlastLogTerm |-> 0,
    mlastLogIndex |-> 0,
    msource |-> "s3",
    mdest |-> "s1" ] :>
      1 @@
  [ mtype |-> RequestVoteRequest,
    mterm |-> 2,
    mlastLogTerm |-> 0,
    mlastLogIndex |-> 0,
    msource |-> "s3",
    mdest |-> "s3" ] :>
      1 )
/\ clientRequests = 1
/\ matchIndex = [ s1 |-> [s1 |-> 0, s2 |-> 0, s3 |-> 0],
  s2 |-> [s1 |-> 0, s2 |-> 0, s3 |-> 0],
  s3 |-> [s1 |-> 0, s2 |-> 0, s3 |-> 0] ]
/\ log = [s1 |-> <<>>, s2 |-> <<>>, s3 |-> <<>>]
/\ state = [s1 |-> Follower, s2 |-> Candidate, s3 |-> Candidate]
/\ allLogs = {<<>>}
/\ commitIndex = [s1 |-> 0, s2 |-> 0, s3 |-> 0]
/\ currentTerm = [s1 |-> 1, s2 |-> 2, s3 |-> 2]
/\ committedLog = <<>>
/\ nextIndex = [ s1 |-> [s1 |-> 1, s2 |-> 1, s3 |-> 1],
  s2 |-> [s1 |-> 1, s2 |-> 1, s3 |-> 1],
  s3 |-> [s1 |-> 1, s2 |-> 1, s3 |-> 1] ]
/\ votesGranted = [s1 |-> {}, s2 |-> {}, s3 |-> {}]
/\ votesSent = [s1 |-> FALSE, s2 |-> FALSE, s3 |-> FALSE]
/\ voterLog = [s1 |-> << >>, s2 |-> << >>, s3 |-> << >>]
/\ votedFor = [s1 |-> Nil, s2 |-> Nil, s3 |-> Nil]

@!@!@ENDMSG 2216 @!@!@
@!@!@STARTMSG 2216:4 @!@!@
10:
/\ elections = {}
/\ committedLogDecrease = FALSE
/\ messages = ( [ mtype |-> RequestVoteResponse,
    mterm |-> 2,
    msource |-> "s3",
    mdest |-> "s3",
    mlog |-> <<>>,
    mvoteGranted |-> TRUE ] :>
      1 @@
  [ mtype |-> RequestVoteRequest,
    mterm |-> 2,
    mlastLogTerm |-> 0,
    mlastLogIndex |-> 0,
    msource |-> "s3",
    mdest |-> "s1" ] :>
      1 @@
  [ mtype |-> RequestVoteRequest,
    mterm |-> 2,
    mlastLogTerm |-> 0,
    mlastLogIndex |-> 0,
    msource |-> "s3",
    mdest |-> "s3" ] :>
      0 )
/\ clientRequests = 1
/\ matchIndex = [ s1 |-> [s1 |-> 0, s2 |-> 0, s3 |-> 0],
  s2 |-> [s1 |-> 0, s2 |-> 0, s3 |-> 0],
  s3 |-> [s1 |-> 0, s2 |-> 0, s3 |-> 0] ]
/\ log = [s1 |-> <<>>, s2 |-> <<>>, s3 |-> <<>>]
/\ state = [s1 |-> Follower, s2 |-> Candidate, s3 |-> Candidate]
/\ allLogs = {<<>>}
/\ commitIndex = [s1 |-> 0, s2 |-> 0, s3 |-> 0]
/\ currentTerm = [s1 |-> 1, s2 |-> 2, s3 |-> 2]
/\ committedLog = <<>>
/\ nextIndex = [ s1 |-> [s1 |-> 1, s2 |-> 1, s3 |-> 1],
  s2 |-> [s1 |-> 1, s2 |-> 1, s3 |-> 1],
  s3 |-> [s1 |-> 1, s2 |-> 1, s3 |-> 1] ]
/\ votesGranted = [s1 |-> {}, s2 |-> {}, s3 |-> {}]
/\ votesSent = [s1 |-> FALSE, s2 |-> FALSE, s3 |-> FALSE]
/\ voterLog = [s1 |-> << >>, s2 |-> << >>, s3 |-> << >>]
/\ votedFor = [s1 |-> Nil, s2 |-> Nil, s3 |-> "s3"]

@!@!@ENDMSG 2216 @!@!@
@!@!@STARTMSG 2216:4 @!@!@
11:
/\ elections = {}
/\ committedLogDecrease = FALSE
/\ messages = ( [ mtype |-> RequestVoteResponse,
    mterm |-> 2,
    msource |-> "s3",
    mdest |-> "s3",
    mlog |-> <<>>,
    mvoteGranted |-> TRUE ] :>
      1 @@
  [ mtype |-> RequestVoteRequest,
    mterm |-> 2,
    mlastLogTerm |-> 0,
    mlastLogIndex |-> 0,
    msource |-> "s3",
    mdest |-> "s1" ] :>
      1 @@
  [ mtype |-> RequestVoteRequest,
    mterm |-> 2,
    mlastLogTerm |-> 0,
    mlastLogIndex |-> 0,
    msource |-> "s3",
    mdest |-> "s3" ] :>
      0 )
/\ clientRequests = 1
/\ matchIndex = [ s1 |-> [s1 |-> 0, s2 |-> 0, s3 |-> 0],
  s2 |-> [s1 |-> 0, s2 |-> 0, s3 |-> 0],
  s3 |-> [s1 |-> 0, s2 |-> 0, s3 |-> 0] ]
/\ log = [s1 |-> <<>>, s2 |-> <<>>, s3 |-> <<>>]
/\ state = [s1 |-> Candidate, s2 |-> Candidate, s3 |-> Candidate]
/\ allLogs = {<<>>}
/\ commitIndex = [s1 |-> 0, s2 |-> 0, s3 |-> 0]
/\ currentTerm = [s1 |-> 2, s2 |-> 2, s3 |-> 2]
/\ committedLog = <<>>
/\ nextIndex = [ s1 |-> [s1 |-> 1, s2 |-> 1, s3 |-> 1],
  s2 |-> [s1 |-> 1, s2 |-> 1, s3 |-> 1],
  s3 |-> [s1 |-> 1, s2 |-> 1, s3 |-> 1] ]
/\ votesGranted = [s1 |-> {}, s2 |-> {}, s3 |-> {}]
/\ votesSent = [s1 |-> FALSE, s2 |-> FALSE, s3 |-> FALSE]
/\ voterLog = [s1 |-> << >>, s2 |-> << >>, s3 |-> << >>]
/\ votedFor = [s1 |-> Nil, s2 |-> Nil, s3 |-> "s3"]

@!@!@ENDMSG 2216 @!@!@
@!@!@STARTMSG 2216:4 @!@!@
12:
/\ elections = {}
/\ committedLogDecrease = FALSE
/\ messages = ( [ mtype |-> RequestVoteResponse,
    mterm |-> 2,
    msource |-> "s3",
    mdest |-> "s3",
    mlog |-> <<>>,
    mvoteGranted |-> TRUE ] :>
      1 @@
  [ mtype |-> RequestVoteRequest,
    mterm |-> 2,
    mlastLogTerm |-> 0,
    mlastLogIndex |-> 0,
    msource |-> "s3",
    mdest |-> "s1" ] :>
      1 @@
  [ mtype |-> RequestVoteRequest,
    mterm |-> 2,
    mlastLogTerm |-> 0,
    mlastLogIndex |-> 0,
    msource |-> "s3",
    mdest |-> "s3" ] :>
      0 )
/\ clientRequests = 1
/\ matchIndex = [ s1 |-> [s1 |-> 0, s2 |-> 0, s3 |-> 0],
  s2 |-> [s1 |-> 0, s2 |-> 0, s3 |-> 0],
  s3 |-> [s1 |-> 0, s2 |-> 0, s3 |-> 0] ]
/\ log = [s1 |-> <<>>, s2 |-> <<>>, s3 |-> <<>>]
/\ state = [s1 |-> Candidate, s2 |-> Candidate, s3 |-> Candidate]
/\ allLogs = {<<>>}
/\ commitIndex = [s1 |-> 0, s2 |-> 0, s3 |-> 0]
/\ currentTerm = [s1 |-> 2, s2 |-> 2, s3 |-> 2]
/\ committedLog = <<>>
/\ nextIndex = [ s1 |-> [s1 |-> 1, s2 |-> 1, s3 |-> 1],
  s2 |-> [s1 |-> 1, s2 |-> 1, s3 |-> 1],
  s3 |-> [s1 |-> 1, s2 |-> 1, s3 |-> 1] ]
/\ votesGranted = [s1 |-> {}, s2 |-> {}, s3 |-> {}]
/\ votesSent = [s1 |-> FALSE, s2 |-> FALSE, s3 |-> FALSE]
/\ voterLog = [s1 |-> << >>, s2 |-> << >>, s3 |-> << >>]
/\ votedFor = [s1 |-> Nil, s2 |-> Nil, s3 |-> "s3"]

@!@!@ENDMSG 2216 @!@!@
@!@!@STARTMSG 2216:4 @!@!@
13:
/\ elections = {}
/\ committedLogDecrease = FALSE
/\ messages = ( [ mtype |-> RequestVoteResponse,
    mterm |-> 2,
    msource |-> "s3",
    mdest |-> "s3",
    mlog |-> <<>>,
    mvoteGranted |-> TRUE ] :>
      1 @@
  [ mtype |-> RequestVoteRequest,
    mterm |-> 2,
    mlastLogTerm |-> 0,
    mlastLogIndex |-> 0,
    msource |-> "s1",
    mdest |-> "s2" ] :>
      1 @@
  [ mtype |-> RequestVoteRequest,
    mterm |-> 2,
    mlastLogTerm |-> 0,
    mlastLogIndex |-> 0,
    msource |-> "s3",
    mdest |-> "s1" ] :>
      1 @@
  [ mtype |-> RequestVoteRequest,
    mterm |-> 2,
    mlastLogTerm |-> 0,
    mlastLogIndex |-> 0,
    msource |-> "s3",
    mdest |-> "s3" ] :>
      0 )
/\ clientRequests = 1
/\ matchIndex = [ s1 |-> [s1 |-> 0, s2 |-> 0, s3 |-> 0],
  s2 |-> [s1 |-> 0, s2 |-> 0, s3 |-> 0],
  s3 |-> [s1 |-> 0, s2 |-> 0, s3 |-> 0] ]
/\ log = [s1 |-> <<>>, s2 |-> <<>>, s3 |-> <<>>]
/\ state = [s1 |-> Candidate, s2 |-> Candidate, s3 |-> Candidate]
/\ allLogs = {<<>>}
/\ commitIndex = [s1 |-> 0, s2 |-> 0, s3 |-> 0]
/\ currentTerm = [s1 |-> 2, s2 |-> 2, s3 |-> 2]
/\ committedLog = <<>>
/\ nextIndex = [ s1 |-> [s1 |-> 1, s2 |-> 1, s3 |-> 1],
  s2 |-> [s1 |-> 1, s2 |-> 1, s3 |-> 1],
  s3 |-> [s1 |-> 1, s2 |-> 1, s3 |-> 1] ]
/\ votesGranted = [s1 |-> {}, s2 |-> {}, s3 |-> {}]
/\ votesSent = [s1 |-> FALSE, s2 |-> FALSE, s3 |-> FALSE]
/\ voterLog = [s1 |-> << >>, s2 |-> << >>, s3 |-> << >>]
/\ votedFor = [s1 |-> Nil, s2 |-> Nil, s3 |-> "s3"]

@!@!@ENDMSG 2216 @!@!@
@!@!@STARTMSG 2209:0 @!@!@
Progress(-1) at 2020-04-05 18:41:56: 86996248 states generated, -1 distinct states found, -1 states left on queue.
@!@!@ENDMSG 2209 @!@!@
@!@!@STARTMSG 2216:4 @!@!@
14:
/\ elections = {}
/\ committedLogDecrease = FALSE
/\ messages = ( [ mtype |-> RequestVoteResponse,
    mterm |-> 2,
    msource |-> "s3",
    mdest |-> "s3",
    mlog |-> <<>>,
    mvoteGranted |-> TRUE ] :>
      1 @@
  [ mtype |-> RequestVoteRequest,
    mterm |-> 2,
    mlastLogTerm |-> 0,
    mlastLogIndex |-> 0,
    msource |-> "s1",
    mdest |-> "s2" ] :>
      1 @@
  [ mtype |-> RequestVoteRequest,
    mterm |-> 2,
    mlastLogTerm |-> 0,
    mlastLogIndex |-> 0,
    msource |-> "s3",
    mdest |-> "s1" ] :>
      1 @@
  [ mtype |-> RequestVoteRequest,
    mterm |-> 2,
    mlastLogTerm |-> 0,
    mlastLogIndex |-> 0,
    msource |-> "s3",
    mdest |-> "s3" ] :>
      0 )
/\ clientRequests = 1
/\ matchIndex = [ s1 |-> [s1 |-> 0, s2 |-> 0, s3 |-> 0],
  s2 |-> [s1 |-> 0, s2 |-> 0, s3 |-> 0],
  s3 |-> [s1 |-> 0, s2 |-> 0, s3 |-> 0] ]
/\ log = [s1 |-> <<>>, s2 |-> <<>>, s3 |-> <<>>]
/\ state = [s1 |-> Candidate, s2 |-> Candidate, s3 |-> Candidate]
/\ allLogs = {<<>>}
/\ commitIndex = [s1 |-> 0, s2 |-> 0, s3 |-> 0]
/\ currentTerm = [s1 |-> 2, s2 |-> 2, s3 |-> 2]
/\ committedLog = <<>>
/\ nextIndex = [ s1 |-> [s1 |-> 1, s2 |-> 1, s3 |-> 1],
  s2 |-> [s1 |-> 1, s2 |-> 1, s3 |-> 1],
  s3 |-> [s1 |-> 1, s2 |-> 1, s3 |-> 1] ]
/\ votesGranted = [s1 |-> {}, s2 |-> {}, s3 |-> {}]
/\ votesSent = [s1 |-> FALSE, s2 |-> FALSE, s3 |-> FALSE]
/\ voterLog = [s1 |-> << >>, s2 |-> << >>, s3 |-> << >>]
/\ votedFor = [s1 |-> Nil, s2 |-> Nil, s3 |-> "s3"]

@!@!@ENDMSG 2216 @!@!@
@!@!@STARTMSG 2216:4 @!@!@
15:
/\ elections = {}
/\ committedLogDecrease = FALSE
/\ messages = ( [ mtype |-> RequestVoteResponse,
    mterm |-> 2,
    msource |-> "s2",
    mdest |-> "s1",
    mlog |-> <<>>,
    mvoteGranted |-> TRUE ] :>
      1 @@
  [ mtype |-> RequestVoteResponse,
    mterm |-> 2,
    msource |-> "s3",
    mdest |-> "s3",
    mlog |-> <<>>,
    mvoteGranted |-> TRUE ] :>
      1 @@
  [ mtype |-> RequestVoteRequest,
    mterm |-> 2,
    mlastLogTerm |-> 0,
    mlastLogIndex |-> 0,
    msource |-> "s1",
    mdest |-> "s2" ] :>
      0 @@
  [ mtype |-> RequestVoteRequest,
    mterm |-> 2,
    mlastLogTerm |-> 0,
    mlastLogIndex |-> 0,
    msource |-> "s3",
    mdest |-> "s1" ] :>
      1 @@
  [ mtype |-> RequestVoteRequest,
    mterm |-> 2,
    mlastLogTerm |-> 0,
    mlastLogIndex |-> 0,
    msource |-> "s3",
    mdest |-> "s3" ] :>
      0 )
/\ clientRequests = 1
/\ matchIndex = [ s1 |-> [s1 |-> 0, s2 |-> 0, s3 |-> 0],
  s2 |-> [s1 |-> 0, s2 |-> 0, s3 |-> 0],
  s3 |-> [s1 |-> 0, s2 |-> 0, s3 |-> 0] ]
/\ log = [s1 |-> <<>>, s2 |-> <<>>, s3 |-> <<>>]
/\ state = [s1 |-> Candidate, s2 |-> Candidate, s3 |-> Candidate]
/\ allLogs = {<<>>}
/\ commitIndex = [s1 |-> 0, s2 |-> 0, s3 |-> 0]
/\ currentTerm = [s1 |-> 2, s2 |-> 2, s3 |-> 2]
/\ committedLog = <<>>
/\ nextIndex = [ s1 |-> [s1 |-> 1, s2 |-> 1, s3 |-> 1],
  s2 |-> [s1 |-> 1, s2 |-> 1, s3 |-> 1],
  s3 |-> [s1 |-> 1, s2 |-> 1, s3 |-> 1] ]
/\ votesGranted = [s1 |-> {}, s2 |-> {}, s3 |-> {}]
/\ votesSent = [s1 |-> FALSE, s2 |-> FALSE, s3 |-> FALSE]
/\ voterLog = [s1 |-> << >>, s2 |-> << >>, s3 |-> << >>]
/\ votedFor = [s1 |-> Nil, s2 |-> "s1", s3 |-> "s3"]

@!@!@ENDMSG 2216 @!@!@
@!@!@STARTMSG 2216:4 @!@!@
16:
/\ elections = {}
/\ committedLogDecrease = FALSE
/\ messages = ( [ mtype |-> RequestVoteResponse,
    mterm |-> 2,
    msource |-> "s2",
    mdest |-> "s1",
    mlog |-> <<>>,
    mvoteGranted |-> TRUE ] :>
      1 @@
  [ mtype |-> RequestVoteResponse,
    mterm |-> 2,
    msource |-> "s3",
    mdest |-> "s3",
    mlog |-> <<>>,
    mvoteGranted |-> TRUE ] :>
      1 @@
  [ mtype |-> RequestVoteRequest,
    mterm |-> 2,
    mlastLogTerm |-> 0,
    mlastLogIndex |-> 0,
    msource |-> "s1",
    mdest |-> "s2" ] :>
      0 @@
  [ mtype |-> RequestVoteRequest,
    mterm |-> 2,
    mlastLogTerm |-> 0,
    mlastLogIndex |-> 0,
    msource |-> "s1",
    mdest |-> "s3" ] :>
      1 @@
  [ mtype |-> RequestVoteRequest,
    mterm |-> 2,
    mlastLogTerm |-> 0,
    mlastLogIndex |-> 0,
    msource |-> "s3",
    mdest |-> "s1" ] :>
      1 @@
  [ mtype |-> RequestVoteRequest,
    mterm |-> 2,
    mlastLogTerm |-> 0,
    mlastLogIndex |-> 0,
    msource |-> "s3",
    mdest |-> "s3" ] :>
      0 )
/\ clientRequests = 1
/\ matchIndex = [ s1 |-> [s1 |-> 0, s2 |-> 0, s3 |-> 0],
  s2 |-> [s1 |-> 0, s2 |-> 0, s3 |-> 0],
  s3 |-> [s1 |-> 0, s2 |-> 0, s3 |-> 0] ]
/\ log = [s1 |-> <<>>, s2 |-> <<>>, s3 |-> <<>>]
/\ state = [s1 |-> Candidate, s2 |-> Candidate, s3 |-> Candidate]
/\ allLogs = {<<>>}
/\ commitIndex = [s1 |-> 0, s2 |-> 0, s3 |-> 0]
/\ currentTerm = [s1 |-> 2, s2 |-> 2, s3 |-> 2]
/\ committedLog = <<>>
/\ nextIndex = [ s1 |-> [s1 |-> 1, s2 |-> 1, s3 |-> 1],
  s2 |-> [s1 |-> 1, s2 |-> 1, s3 |-> 1],
  s3 |-> [s1 |-> 1, s2 |-> 1, s3 |-> 1] ]
/\ votesGranted = [s1 |-> {}, s2 |-> {}, s3 |-> {}]
/\ votesSent = [s1 |-> FALSE, s2 |-> FALSE, s3 |-> FALSE]
/\ voterLog = [s1 |-> << >>, s2 |-> << >>, s3 |-> << >>]
/\ votedFor = [s1 |-> Nil, s2 |-> "s1", s3 |-> "s3"]

@!@!@ENDMSG 2216 @!@!@
@!@!@STARTMSG 2216:4 @!@!@
17:
/\ elections = {}
/\ committedLogDecrease = FALSE
/\ messages = ( [ mtype |-> RequestVoteResponse,
    mterm |-> 2,
    msource |-> "s2",
    mdest |-> "s1",
    mlog |-> <<>>,
    mvoteGranted |-> TRUE ] :>
      0 @@
  [ mtype |-> RequestVoteResponse,
    mterm |-> 2,
    msource |-> "s3",
    mdest |-> "s3",
    mlog |-> <<>>,
    mvoteGranted |-> TRUE ] :>
      1 @@
  [ mtype |-> RequestVoteRequest,
    mterm |-> 2,
    mlastLogTerm |-> 0,
    mlastLogIndex |-> 0,
    msource |-> "s1",
    mdest |-> "s2" ] :>
      0 @@
  [ mtype |-> RequestVoteRequest,
    mterm |-> 2,
    mlastLogTerm |-> 0,
    mlastLogIndex |-> 0,
    msource |-> "s1",
    mdest |-> "s3" ] :>
      1 @@
  [ mtype |-> RequestVoteRequest,
    mterm |-> 2,
    mlastLogTerm |-> 0,
    mlastLogIndex |-> 0,
    msource |-> "s3",
    mdest |-> "s1" ] :>
      1 @@
  [ mtype |-> RequestVoteRequest,
    mterm |-> 2,
    mlastLogTerm |-> 0,
    mlastLogIndex |-> 0,
    msource |-> "s3",
    mdest |-> "s3" ] :>
      0 )
/\ clientRequests = 1
/\ matchIndex = [ s1 |-> [s1 |-> 0, s2 |-> 0, s3 |-> 0],
  s2 |-> [s1 |-> 0, s2 |-> 0, s3 |-> 0],
  s3 |-> [s1 |-> 0, s2 |-> 0, s3 |-> 0] ]
/\ log = [s1 |-> <<>>, s2 |-> <<>>, s3 |-> <<>>]
/\ state = [s1 |-> Candidate, s2 |-> Candidate, s3 |-> Candidate]
/\ allLogs = {<<>>}
/\ commitIndex = [s1 |-> 0, s2 |-> 0, s3 |-> 0]
/\ currentTerm = [s1 |-> 2, s2 |-> 2, s3 |-> 2]
/\ committedLog = <<>>
/\ nextIndex = [ s1 |-> [s1 |-> 1, s2 |-> 1, s3 |-> 1],
  s2 |-> [s1 |-> 1, s2 |-> 1, s3 |-> 1],
  s3 |-> [s1 |-> 1, s2 |-> 1, s3 |-> 1] ]
/\ votesGranted = [s1 |-> {"s2"}, s2 |-> {}, s3 |-> {}]
/\ votesSent = [s1 |-> FALSE, s2 |-> FALSE, s3 |-> FALSE]
/\ voterLog = [s1 |-> [s2 |-> <<>>], s2 |-> << >>, s3 |-> << >>]
/\ votedFor = [s1 |-> Nil, s2 |-> "s1", s3 |-> "s3"]

@!@!@ENDMSG 2216 @!@!@
@!@!@STARTMSG 2216:4 @!@!@
18:
/\ elections = {}
/\ committedLogDecrease = FALSE
/\ messages = ( [ mtype |-> RequestVoteResponse,
    mterm |-> 2,
    msource |-> "s2",
    mdest |-> "s1",
    mlog |-> <<>>,
    mvoteGranted |-> TRUE ] :>
      0 @@
  [ mtype |-> RequestVoteResponse,
    mterm |-> 2,
    msource |-> "s3",
    mdest |-> "s3",
    mlog |-> <<>>,
    mvoteGranted |-> TRUE ] :>
      1 @@
  [ mtype |-> RequestVoteRequest,
    mterm |-> 2,
    mlastLogTerm |-> 0,
    mlastLogIndex |-> 0,
    msource |-> "s1",
    mdest |-> "s1" ] :>
      1 @@
  [ mtype |-> RequestVoteRequest,
    mterm |-> 2,
    mlastLogTerm |-> 0,
    mlastLogIndex |-> 0,
    msource |-> "s1",
    mdest |-> "s2" ] :>
      0 @@
  [ mtype |-> RequestVoteRequest,
    mterm |-> 2,
    mlastLogTerm |-> 0,
    mlastLogIndex |-> 0,
    msource |-> "s1",
    mdest |-> "s3" ] :>
      1 @@
  [ mtype |-> RequestVoteRequest,
    mterm |-> 2,
    mlastLogTerm |-> 0,
    mlastLogIndex |-> 0,
    msource |-> "s3",
    mdest |-> "s1" ] :>
      1 @@
  [ mtype |-> RequestVoteRequest,
    mterm |-> 2,
    mlastLogTerm |-> 0,
    mlastLogIndex |-> 0,
    msource |-> "s3",
    mdest |-> "s3" ] :>
      0 )
/\ clientRequests = 1
/\ matchIndex = [ s1 |-> [s1 |-> 0, s2 |-> 0, s3 |-> 0],
  s2 |-> [s1 |-> 0, s2 |-> 0, s3 |-> 0],
  s3 |-> [s1 |-> 0, s2 |-> 0, s3 |-> 0] ]
/\ log = [s1 |-> <<>>, s2 |-> <<>>, s3 |-> <<>>]
/\ state = [s1 |-> Candidate, s2 |-> Candidate, s3 |-> Candidate]
/\ allLogs = {<<>>}
/\ commitIndex = [s1 |-> 0, s2 |-> 0, s3 |-> 0]
/\ currentTerm = [s1 |-> 2, s2 |-> 2, s3 |-> 2]
/\ committedLog = <<>>
/\ nextIndex = [ s1 |-> [s1 |-> 1, s2 |-> 1, s3 |-> 1],
  s2 |-> [s1 |-> 1, s2 |-> 1, s3 |-> 1],
  s3 |-> [s1 |-> 1, s2 |-> 1, s3 |-> 1] ]
/\ votesGranted = [s1 |-> {"s2"}, s2 |-> {}, s3 |-> {}]
/\ votesSent = [s1 |-> FALSE, s2 |-> FALSE, s3 |-> FALSE]
/\ voterLog = [s1 |-> [s2 |-> <<>>], s2 |-> << >>, s3 |-> << >>]
/\ votedFor = [s1 |-> Nil, s2 |-> "s1", s3 |-> "s3"]

@!@!@ENDMSG 2216 @!@!@
@!@!@STARTMSG 2216:4 @!@!@
19:
/\ elections = {}
/\ committedLogDecrease = FALSE
/\ messages = ( [ mtype |-> RequestVoteResponse,
    mterm |-> 2,
    msource |-> "s2",
    mdest |-> "s1",
    mlog |-> <<>>,
    mvoteGranted |-> TRUE ] :>
      0 @@
  [ mtype |-> RequestVoteResponse,
    mterm |-> 2,
    msource |-> "s3",
    mdest |-> "s3",
    mlog |-> <<>>,
    mvoteGranted |-> TRUE ] :>
      1 @@
  [ mtype |-> RequestVoteRequest,
    mterm |-> 2,
    mlastLogTerm |-> 0,
    mlastLogIndex |-> 0,
    msource |-> "s1",
    mdest |-> "s1" ] :>
      1 @@
  [ mtype |-> RequestVoteRequest,
    mterm |-> 2,
    mlastLogTerm |-> 0,
    mlastLogIndex |-> 0,
    msource |-> "s1",
    mdest |-> "s2" ] :>
      0 @@
  [ mtype |-> RequestVoteRequest,
    mterm |-> 2,
    mlastLogTerm |-> 0,
    mlastLogIndex |-> 0,
    msource |-> "s1",
    mdest |-> "s3" ] :>
      1 @@
  [ mtype |-> RequestVoteRequest,
    mterm |-> 2,
    mlastLogTerm |-> 0,
    mlastLogIndex |-> 0,
    msource |-> "s3",
    mdest |-> "s1" ] :>
      1 @@
  [ mtype |-> RequestVoteRequest,
    mterm |-> 2,
    mlastLogTerm |-> 0,
    mlastLogIndex |-> 0,
    msource |-> "s3",
    mdest |-> "s3" ] :>
      0 )
/\ clientRequests = 1
/\ matchIndex = [ s1 |-> [s1 |-> 0, s2 |-> 0, s3 |-> 0],
  s2 |-> [s1 |-> 0, s2 |-> 0, s3 |-> 0],
  s3 |-> [s1 |-> 0, s2 |-> 0, s3 |-> 0] ]
/\ log = [s1 |-> <<>>, s2 |-> <<>>, s3 |-> <<>>]
/\ state = [s1 |-> Candidate, s2 |-> Candidate, s3 |-> Follower]
/\ allLogs = {<<>>}
/\ commitIndex = [s1 |-> 0, s2 |-> 0, s3 |-> 0]
/\ currentTerm = [s1 |-> 2, s2 |-> 2, s3 |-> 2]
/\ committedLog = <<>>
/\ nextIndex = [ s1 |-> [s1 |-> 1, s2 |-> 1, s3 |-> 1],
  s2 |-> [s1 |-> 1, s2 |-> 1, s3 |-> 1],
  s3 |-> [s1 |-> 1, s2 |-> 1, s3 |-> 1] ]
/\ votesGranted = [s1 |-> {"s2"}, s2 |-> {}, s3 |-> {}]
/\ votesSent = [s1 |-> FALSE, s2 |-> FALSE, s3 |-> FALSE]
/\ voterLog = [s1 |-> [s2 |-> <<>>], s2 |-> << >>, s3 |-> << >>]
/\ votedFor = [s1 |-> Nil, s2 |-> "s1", s3 |-> Nil]

@!@!@ENDMSG 2216 @!@!@
@!@!@STARTMSG 2216:4 @!@!@
20:
/\ elections = {}
/\ committedLogDecrease = FALSE
/\ messages = ( [ mtype |-> RequestVoteResponse,
    mterm |-> 2,
    msource |-> "s2",
    mdest |-> "s1",
    mlog |-> <<>>,
    mvoteGranted |-> TRUE ] :>
      0 @@
  [ mtype |-> RequestVoteResponse,
    mterm |-> 2,
    msource |-> "s3",
    mdest |-> "s3",
    mlog |-> <<>>,
    mvoteGranted |-> TRUE ] :>
      1 @@
  [ mtype |-> RequestVoteRequest,
    mterm |-> 2,
    mlastLogTerm |-> 0,
    mlastLogIndex |-> 0,
    msource |-> "s1",
    mdest |-> "s1" ] :>
      1 @@
  [ mtype |-> RequestVoteRequest,
    mterm |-> 2,
    mlastLogTerm |-> 0,
    mlastLogIndex |-> 0,
    msource |-> "s1",
    mdest |-> "s2" ] :>
      0 @@
  [ mtype |-> RequestVoteRequest,
    mterm |-> 2,
    mlastLogTerm |-> 0,
    mlastLogIndex |-> 0,
    msource |-> "s1",
    mdest |-> "s3" ] :>
      1 @@
  [ mtype |-> RequestVoteRequest,
    mterm |-> 2,
    mlastLogTerm |-> 0,
    mlastLogIndex |-> 0,
    msource |-> "s2",
    mdest |-> "s3" ] :>
      1 @@
  [ mtype |-> RequestVoteRequest,
    mterm |-> 2,
    mlastLogTerm |-> 0,
    mlastLogIndex |-> 0,
    msource |-> "s3",
    mdest |-> "s1" ] :>
      1 @@
  [ mtype |-> RequestVoteRequest,
    mterm |-> 2,
    mlastLogTerm |-> 0,
    mlastLogIndex |-> 0,
    msource |-> "s3",
    mdest |-> "s3" ] :>
      0 )
/\ clientRequests = 1
/\ matchIndex = [ s1 |-> [s1 |-> 0, s2 |-> 0, s3 |-> 0],
  s2 |-> [s1 |-> 0, s2 |-> 0, s3 |-> 0],
  s3 |-> [s1 |-> 0, s2 |-> 0, s3 |-> 0] ]
/\ log = [s1 |-> <<>>, s2 |-> <<>>, s3 |-> <<>>]
/\ state = [s1 |-> Candidate, s2 |-> Candidate, s3 |-> Follower]
/\ allLogs = {<<>>}
/\ commitIndex = [s1 |-> 0, s2 |-> 0, s3 |-> 0]
/\ currentTerm = [s1 |-> 2, s2 |-> 2, s3 |-> 2]
/\ committedLog = <<>>
/\ nextIndex = [ s1 |-> [s1 |-> 1, s2 |-> 1, s3 |-> 1],
  s2 |-> [s1 |-> 1, s2 |-> 1, s3 |-> 1],
  s3 |-> [s1 |-> 1, s2 |-> 1, s3 |-> 1] ]
/\ votesGranted = [s1 |-> {"s2"}, s2 |-> {}, s3 |-> {}]
/\ votesSent = [s1 |-> FALSE, s2 |-> FALSE, s3 |-> FALSE]
/\ voterLog = [s1 |-> [s2 |-> <<>>], s2 |-> << >>, s3 |-> << >>]
/\ votedFor = [s1 |-> Nil, s2 |-> "s1", s3 |-> Nil]

@!@!@ENDMSG 2216 @!@!@
@!@!@STARTMSG 2216:4 @!@!@
21:
/\ elections = {}
/\ committedLogDecrease = FALSE
/\ messages = ( [ mtype |-> RequestVoteResponse,
    mterm |-> 2,
    msource |-> "s2",
    mdest |-> "s1",
    mlog |-> <<>>,
    mvoteGranted |-> TRUE ] :>
      0 @@
  [ mtype |-> RequestVoteResponse,
    mterm |-> 2,
    msource |-> "s3",
    mdest |-> "s3",
    mlog |-> <<>>,
    mvoteGranted |-> TRUE ] :>
      1 @@
  [ mtype |-> RequestVoteRequest,
    mterm |-> 2,
    mlastLogTerm |-> 0,
    mlastLogIndex |-> 0,
    msource |-> "s1",
    mdest |-> "s1" ] :>
      1 @@
  [ mtype |-> RequestVoteRequest,
    mterm |-> 2,
    mlastLogTerm |-> 0,
    mlastLogIndex |-> 0,
    msource |-> "s1",
    mdest |-> "s2" ] :>
      0 @@
  [ mtype |-> RequestVoteRequest,
    mterm |-> 2,
    mlastLogTerm |-> 0,
    mlastLogIndex |-> 0,
    msource |-> "s1",
    mdest |-> "s3" ] :>
      1 @@
  [ mtype |-> RequestVoteRequest,
    mterm |-> 2,
    mlastLogTerm |-> 0,
    mlastLogIndex |-> 0,
    msource |-> "s2",
    mdest |-> "s1" ] :>
      1 @@
  [ mtype |-> RequestVoteRequest,
    mterm |-> 2,
    mlastLogTerm |-> 0,
    mlastLogIndex |-> 0,
    msource |-> "s2",
    mdest |-> "s3" ] :>
      1 @@
  [ mtype |-> RequestVoteRequest,
    mterm |-> 2,
    mlastLogTerm |-> 0,
    mlastLogIndex |-> 0,
    msource |-> "s3",
    mdest |-> "s1" ] :>
      1 @@
  [ mtype |-> RequestVoteRequest,
    mterm |-> 2,
    mlastLogTerm |-> 0,
    mlastLogIndex |-> 0,
    msource |-> "s3",
    mdest |-> "s3" ] :>
      0 )
/\ clientRequests = 1
/\ matchIndex = [ s1 |-> [s1 |-> 0, s2 |-> 0, s3 |-> 0],
  s2 |-> [s1 |-> 0, s2 |-> 0, s3 |-> 0],
  s3 |-> [s1 |-> 0, s2 |-> 0, s3 |-> 0] ]
/\ log = [s1 |-> <<>>, s2 |-> <<>>, s3 |-> <<>>]
/\ state = [s1 |-> Candidate, s2 |-> Candidate, s3 |-> Follower]
/\ allLogs = {<<>>}
/\ commitIndex = [s1 |-> 0, s2 |-> 0, s3 |-> 0]
/\ currentTerm = [s1 |-> 2, s2 |-> 2, s3 |-> 2]
/\ committedLog = <<>>
/\ nextIndex = [ s1 |-> [s1 |-> 1, s2 |-> 1, s3 |-> 1],
  s2 |-> [s1 |-> 1, s2 |-> 1, s3 |-> 1],
  s3 |-> [s1 |-> 1, s2 |-> 1, s3 |-> 1] ]
/\ votesGranted = [s1 |-> {"s2"}, s2 |-> {}, s3 |-> {}]
/\ votesSent = [s1 |-> FALSE, s2 |-> FALSE, s3 |-> FALSE]
/\ voterLog = [s1 |-> [s2 |-> <<>>], s2 |-> << >>, s3 |-> << >>]
/\ votedFor = [s1 |-> Nil, s2 |-> "s1", s3 |-> Nil]

@!@!@ENDMSG 2216 @!@!@
@!@!@STARTMSG 2216:4 @!@!@
22:
/\ elections = {}
/\ committedLogDecrease = FALSE
/\ messages = ( [ mtype |-> RequestVoteResponse,
    mterm |-> 2,
    msource |-> "s2",
    mdest |-> "s1",
    mlog |-> <<>>,
    mvoteGranted |-> TRUE ] :>
      0 @@
  [ mtype |-> RequestVoteResponse,
    mterm |-> 2,
    msource |-> "s3",
    mdest |-> "s1",
    mlog |-> <<>>,
    mvoteGranted |-> TRUE ] :>
      1 @@
  [ mtype |-> RequestVoteResponse,
    mterm |-> 2,
    msource |-> "s3",
    mdest |-> "s3",
    mlog |-> <<>>,
    mvoteGranted |-> TRUE ] :>
      1 @@
  [ mtype |-> RequestVoteRequest,
    mterm |-> 2,
    mlastLogTerm |-> 0,
    mlastLogIndex |-> 0,
    msource |-> "s1",
    mdest |-> "s1" ] :>
      1 @@
  [ mtype |-> RequestVoteRequest,
    mterm |-> 2,
    mlastLogTerm |-> 0,
    mlastLogIndex |-> 0,
    msource |-> "s1",
    mdest |-> "s2" ] :>
      0 @@
  [ mtype |-> RequestVoteRequest,
    mterm |-> 2,
    mlastLogTerm |-> 0,
    mlastLogIndex |-> 0,
    msource |-> "s1",
    mdest |-> "s3" ] :>
      0 @@
  [ mtype |-> RequestVoteRequest,
    mterm |-> 2,
    mlastLogTerm |-> 0,
    mlastLogIndex |-> 0,
    msource |-> "s2",
    mdest |-> "s1" ] :>
      1 @@
  [ mtype |-> RequestVoteRequest,
    mterm |-> 2,
    mlastLogTerm |-> 0,
    mlastLogIndex |-> 0,
    msource |-> "s2",
    mdest |-> "s3" ] :>
      1 @@
  [ mtype |-> RequestVoteRequest,
    mterm |-> 2,
    mlastLogTerm |-> 0,
    mlastLogIndex |-> 0,
    msource |-> "s3",
    mdest |-> "s1" ] :>
      1 @@
  [ mtype |-> RequestVoteRequest,
    mterm |-> 2,
    mlastLogTerm |-> 0,
    mlastLogIndex |-> 0,
    msource |-> "s3",
    mdest |-> "s3" ] :>
      0 )
/\ clientRequests = 1
/\ matchIndex = [ s1 |-> [s1 |-> 0, s2 |-> 0, s3 |-> 0],
  s2 |-> [s1 |-> 0, s2 |-> 0, s3 |-> 0],
  s3 |-> [s1 |-> 0, s2 |-> 0, s3 |-> 0] ]
/\ log = [s1 |-> <<>>, s2 |-> <<>>, s3 |-> <<>>]
/\ state = [s1 |-> Candidate, s2 |-> Candidate, s3 |-> Follower]
/\ allLogs = {<<>>}
/\ commitIndex = [s1 |-> 0, s2 |-> 0, s3 |-> 0]
/\ currentTerm = [s1 |-> 2, s2 |-> 2, s3 |-> 2]
/\ committedLog = <<>>
/\ nextIndex = [ s1 |-> [s1 |-> 1, s2 |-> 1, s3 |-> 1],
  s2 |-> [s1 |-> 1, s2 |-> 1, s3 |-> 1],
  s3 |-> [s1 |-> 1, s2 |-> 1, s3 |-> 1] ]
/\ votesGranted = [s1 |-> {"s2"}, s2 |-> {}, s3 |-> {}]
/\ votesSent = [s1 |-> FALSE, s2 |-> FALSE, s3 |-> FALSE]
/\ voterLog = [s1 |-> [s2 |-> <<>>], s2 |-> << >>, s3 |-> << >>]
/\ votedFor = [s1 |-> Nil, s2 |-> "s1", s3 |-> "s1"]

@!@!@ENDMSG 2216 @!@!@
@!@!@STARTMSG 2216:4 @!@!@
23:
/\ elections = {}
/\ committedLogDecrease = FALSE
/\ messages = ( [ mtype |-> RequestVoteResponse,
    mterm |-> 2,
    msource |-> "s2",
    mdest |-> "s1",
    mlog |-> <<>>,
    mvoteGranted |-> TRUE ] :>
      0 @@
  [ mtype |-> RequestVoteResponse,
    mterm |-> 2,
    msource |-> "s3",
    mdest |-> "s1",
    mlog |-> <<>>,
    mvoteGranted |-> TRUE ] :>
      1 @@
  [ mtype |-> RequestVoteResponse,
    mterm |-> 2,
    msource |-> "s3",
    mdest |-> "s3",
    mlog |-> <<>>,
    mvoteGranted |-> TRUE ] :>
      1 @@
  [ mtype |-> RequestVoteRequest,
    mterm |-> 2,
    mlastLogTerm |-> 0,
    mlastLogIndex |-> 0,
    msource |-> "s1",
    mdest |-> "s1" ] :>
      1 @@
  [ mtype |-> RequestVoteRequest,
    mterm |-> 2,
    mlastLogTerm |-> 0,
    mlastLogIndex |-> 0,
    msource |-> "s1",
    mdest |-> "s2" ] :>
      0 @@
  [ mtype |-> RequestVoteRequest,
    mterm |-> 2,
    mlastLogTerm |-> 0,
    mlastLogIndex |-> 0,
    msource |-> "s1",
    mdest |-> "s3" ] :>
      0 @@
  [ mtype |-> RequestVoteRequest,
    mterm |-> 2,
    mlastLogTerm |-> 0,
    mlastLogIndex |-> 0,
    msource |-> "s2",
    mdest |-> "s1" ] :>
      1 @@
  [ mtype |-> RequestVoteRequest,
    mterm |-> 2,
    mlastLogTerm |-> 0,
    mlastLogIndex |-> 0,
    msource |-> "s2",
    mdest |-> "s3" ] :>
      1 @@
  [ mtype |-> RequestVoteRequest,
    mterm |-> 2,
    mlastLogTerm |-> 0,
    mlastLogIndex |-> 0,
    msource |-> "s3",
    mdest |-> "s1" ] :>
      1 @@
  [ mtype |-> RequestVoteRequest,
    mterm |-> 2,
    mlastLogTerm |-> 0,
    mlastLogIndex |-> 0,
    msource |-> "s3",
    mdest |-> "s3" ] :>
      0 )
/\ clientRequests = 1
/\ matchIndex = [ s1 |-> [s1 |-> 0, s2 |-> 0, s3 |-> 0],
  s2 |-> [s1 |-> 0, s2 |-> 0, s3 |-> 0],
  s3 |-> [s1 |-> 0, s2 |-> 0, s3 |-> 0] ]
/\ log = [s1 |-> <<>>, s2 |-> <<>>, s3 |-> <<>>]
/\ state = [s1 |-> Candidate, s2 |-> Candidate, s3 |-> Follower]
/\ allLogs = {<<>>}
/\ commitIndex = [s1 |-> 0, s2 |-> 0, s3 |-> 0]
/\ currentTerm = [s1 |-> 2, s2 |-> 2, s3 |-> 2]
/\ committedLog = <<>>
/\ nextIndex = [ s1 |-> [s1 |-> 1, s2 |-> 1, s3 |-> 1],
  s2 |-> [s1 |-> 1, s2 |-> 1, s3 |-> 1],
  s3 |-> [s1 |-> 1, s2 |-> 1, s3 |-> 1] ]
/\ votesGranted = [s1 |-> {"s2"}, s2 |-> {}, s3 |-> {}]
/\ votesSent = [s1 |-> FALSE, s2 |-> FALSE, s3 |-> FALSE]
/\ voterLog = [s1 |-> [s2 |-> <<>>], s2 |-> << >>, s3 |-> << >>]
/\ votedFor = [s1 |-> Nil, s2 |-> "s1", s3 |-> "s1"]

@!@!@ENDMSG 2216 @!@!@
@!@!@STARTMSG 2216:4 @!@!@
24:
/\ elections = {}
/\ committedLogDecrease = FALSE
/\ messages = ( [ mtype |-> RequestVoteResponse,
    mterm |-> 2,
    msource |-> "s2",
    mdest |-> "s1",
    mlog |-> <<>>,
    mvoteGranted |-> TRUE ] :>
      0 @@
  [ mtype |-> RequestVoteResponse,
    mterm |-> 2,
    msource |-> "s3",
    mdest |-> "s1",
    mlog |-> <<>>,
    mvoteGranted |-> TRUE ] :>
      1 @@
  [ mtype |-> RequestVoteResponse,
    mterm |-> 2,
    msource |-> "s3",
    mdest |-> "s3",
    mlog |-> <<>>,
    mvoteGranted |-> TRUE ] :>
      0 @@
  [ mtype |-> RequestVoteRequest,
    mterm |-> 2,
    mlastLogTerm |-> 0,
    mlastLogIndex |-> 0,
    msource |-> "s1",
    mdest |-> "s1" ] :>
      1 @@
  [ mtype |-> RequestVoteRequest,
    mterm |-> 2,
    mlastLogTerm |-> 0,
    mlastLogIndex |-> 0,
    msource |-> "s1",
    mdest |-> "s2" ] :>
      0 @@
  [ mtype |-> RequestVoteRequest,
    mterm |-> 2,
    mlastLogTerm |-> 0,
    mlastLogIndex |-> 0,
    msource |-> "s1",
    mdest |-> "s3" ] :>
      0 @@
  [ mtype |-> RequestVoteRequest,
    mterm |-> 2,
    mlastLogTerm |-> 0,
    mlastLogIndex |-> 0,
    msource |-> "s2",
    mdest |-> "s1" ] :>
      1 @@
  [ mtype |-> RequestVoteRequest,
    mterm |-> 2,
    mlastLogTerm |-> 0,
    mlastLogIndex |-> 0,
    msource |-> "s2",
    mdest |-> "s3" ] :>
      1 @@
  [ mtype |-> RequestVoteRequest,
    mterm |-> 2,
    mlastLogTerm |-> 0,
    mlastLogIndex |-> 0,
    msource |-> "s3",
    mdest |-> "s1" ] :>
      1 @@
  [ mtype |-> RequestVoteRequest,
    mterm |-> 2,
    mlastLogTerm |-> 0,
    mlastLogIndex |-> 0,
    msource |-> "s3",
    mdest |-> "s3" ] :>
      0 )
/\ clientRequests = 1
/\ matchIndex = [ s1 |-> [s1 |-> 0, s2 |-> 0, s3 |-> 0],
  s2 |-> [s1 |-> 0, s2 |-> 0, s3 |-> 0],
  s3 |-> [s1 |-> 0, s2 |-> 0, s3 |-> 0] ]
/\ log = [s1 |-> <<>>, s2 |-> <<>>, s3 |-> <<>>]
/\ state = [s1 |-> Candidate, s2 |-> Candidate, s3 |-> Follower]
/\ allLogs = {<<>>}
/\ commitIndex = [s1 |-> 0, s2 |-> 0, s3 |-> 0]
/\ currentTerm = [s1 |-> 2, s2 |-> 2, s3 |-> 2]
/\ committedLog = <<>>
/\ nextIndex = [ s1 |-> [s1 |-> 1, s2 |-> 1, s3 |-> 1],
  s2 |-> [s1 |-> 1, s2 |-> 1, s3 |-> 1],
  s3 |-> [s1 |-> 1, s2 |-> 1, s3 |-> 1] ]
/\ votesGranted = [s1 |-> {"s2"}, s2 |-> {}, s3 |-> {"s3"}]
/\ votesSent = [s1 |-> FALSE, s2 |-> FALSE, s3 |-> FALSE]
/\ voterLog = [s1 |-> [s2 |-> <<>>], s2 |-> << >>, s3 |-> [s3 |-> <<>>]]
/\ votedFor = [s1 |-> Nil, s2 |-> "s1", s3 |-> "s1"]

@!@!@ENDMSG 2216 @!@!@
@!@!@STARTMSG 2216:4 @!@!@
25:
/\ elections = {}
/\ committedLogDecrease = FALSE
/\ messages = ( [ mtype |-> RequestVoteResponse,
    mterm |-> 2,
    msource |-> "s2",
    mdest |-> "s1",
    mlog |-> <<>>,
    mvoteGranted |-> TRUE ] :>
      0 @@
  [ mtype |-> RequestVoteResponse,
    mterm |-> 2,
    msource |-> "s3",
    mdest |-> "s1",
    mlog |-> <<>>,
    mvoteGranted |-> TRUE ] :>
      1 @@
  [ mtype |-> RequestVoteResponse,
    mterm |-> 2,
    msource |-> "s3",
    mdest |-> "s3",
    mlog |-> <<>>,
    mvoteGranted |-> TRUE ] :>
      0 @@
  [ mtype |-> RequestVoteRequest,
    mterm |-> 2,
    mlastLogTerm |-> 0,
    mlastLogIndex |-> 0,
    msource |-> "s1",
    mdest |-> "s1" ] :>
      1 @@
  [ mtype |-> RequestVoteRequest,
    mterm |-> 2,
    mlastLogTerm |-> 0,
    mlastLogIndex |-> 0,
    msource |-> "s1",
    mdest |-> "s2" ] :>
      0 @@
  [ mtype |-> RequestVoteRequest,
    mterm |-> 2,
    mlastLogTerm |-> 0,
    mlastLogIndex |-> 0,
    msource |-> "s1",
    mdest |-> "s3" ] :>
      0 @@
  [ mtype |-> RequestVoteRequest,
    mterm |-> 2,
    mlastLogTerm |-> 0,
    mlastLogIndex |-> 0,
    msource |-> "s2",
    mdest |-> "s1" ] :>
      1 @@
  [ mtype |-> RequestVoteRequest,
    mterm |-> 2,
    mlastLogTerm |-> 0,
    mlastLogIndex |-> 0,
    msource |-> "s2",
    mdest |-> "s3" ] :>
      1 @@
  [ mtype |-> RequestVoteRequest,
    mterm |-> 2,
    mlastLogTerm |-> 0,
    mlastLogIndex |-> 0,
    msource |-> "s3",
    mdest |-> "s1" ] :>
      1 @@
  [ mtype |-> RequestVoteRequest,
    mterm |-> 2,
    mlastLogTerm |-> 0,
    mlastLogIndex |-> 0,
    msource |-> "s3",
    mdest |-> "s3" ] :>
      0 )
/\ clientRequests = 1
/\ matchIndex = [ s1 |-> [s1 |-> 0, s2 |-> 0, s3 |-> 0],
  s2 |-> [s1 |-> 0, s2 |-> 0, s3 |-> 0],
  s3 |-> [s1 |-> 0, s2 |-> 0, s3 |-> 0] ]
/\ log = [s1 |-> <<>>, s2 |-> <<>>, s3 |-> <<>>]
/\ state = [s1 |-> Candidate, s2 |-> Candidate, s3 |-> Follower]
/\ allLogs = {<<>>}
/\ commitIndex = [s1 |-> 0, s2 |-> 0, s3 |-> 0]
/\ currentTerm = [s1 |-> 2, s2 |-> 2, s3 |-> 2]
/\ committedLog = <<>>
/\ nextIndex = [ s1 |-> [s1 |-> 1, s2 |-> 1, s3 |-> 1],
  s2 |-> [s1 |-> 1, s2 |-> 1, s3 |-> 1],
  s3 |-> [s1 |-> 1, s2 |-> 1, s3 |-> 1] ]
/\ votesGranted = [s1 |-> {"s2"}, s2 |-> {}, s3 |-> {"s3"}]
/\ votesSent = [s1 |-> FALSE, s2 |-> FALSE, s3 |-> FALSE]
/\ voterLog = [s1 |-> [s2 |-> <<>>], s2 |-> << >>, s3 |-> [s3 |-> <<>>]]
/\ votedFor = [s1 |-> Nil, s2 |-> "s1", s3 |-> "s1"]

@!@!@ENDMSG 2216 @!@!@
@!@!@STARTMSG 2216:4 @!@!@
26:
/\ elections = {}
/\ committedLogDecrease = FALSE
/\ messages = ( [ mtype |-> RequestVoteResponse,
    mterm |-> 2,
    msource |-> "s1",
    mdest |-> "s2",
    mlog |-> <<>>,
    mvoteGranted |-> TRUE ] :>
      1 @@
  [ mtype |-> RequestVoteResponse,
    mterm |-> 2,
    msource |-> "s2",
    mdest |-> "s1",
    mlog |-> <<>>,
    mvoteGranted |-> TRUE ] :>
      0 @@
  [ mtype |-> RequestVoteResponse,
    mterm |-> 2,
    msource |-> "s3",
    mdest |-> "s1",
    mlog |-> <<>>,
    mvoteGranted |-> TRUE ] :>
      1 @@
  [ mtype |-> RequestVoteResponse,
    mterm |-> 2,
    msource |-> "s3",
    mdest |-> "s3",
    mlog |-> <<>>,
    mvoteGranted |-> TRUE ] :>
      0 @@
  [ mtype |-> RequestVoteRequest,
    mterm |-> 2,
    mlastLogTerm |-> 0,
    mlastLogIndex |-> 0,
    msource |-> "s1",
    mdest |-> "s1" ] :>
      1 @@
  [ mtype |-> RequestVoteRequest,
    mterm |-> 2,
    mlastLogTerm |-> 0,
    mlastLogIndex |-> 0,
    msource |-> "s1",
    mdest |-> "s2" ] :>
      0 @@
  [ mtype |-> RequestVoteRequest,
    mterm |-> 2,
    mlastLogTerm |-> 0,
    mlastLogIndex |-> 0,
    msource |-> "s1",
    mdest |-> "s3" ] :>
      0 @@
  [ mtype |-> RequestVoteRequest,
    mterm |-> 2,
    mlastLogTerm |-> 0,
    mlastLogIndex |-> 0,
    msource |-> "s2",
    mdest |-> "s1" ] :>
      0 @@
  [ mtype |-> RequestVoteRequest,
    mterm |-> 2,
    mlastLogTerm |-> 0,
    mlastLogIndex |-> 0,
    msource |-> "s2",
    mdest |-> "s3" ] :>
      1 @@
  [ mtype |-> RequestVoteRequest,
    mterm |-> 2,
    mlastLogTerm |-> 0,
    mlastLogIndex |-> 0,
    msource |-> "s3",
    mdest |-> "s1" ] :>
      1 @@
  [ mtype |-> RequestVoteRequest,
    mterm |-> 2,
    mlastLogTerm |-> 0,
    mlastLogIndex |-> 0,
    msource |-> "s3",
    mdest |-> "s3" ] :>
      0 )
/\ clientRequests = 1
/\ matchIndex = [ s1 |-> [s1 |-> 0, s2 |-> 0, s3 |-> 0],
  s2 |-> [s1 |-> 0, s2 |-> 0, s3 |-> 0],
  s3 |-> [s1 |-> 0, s2 |-> 0, s3 |-> 0] ]
/\ log = [s1 |-> <<>>, s2 |-> <<>>, s3 |-> <<>>]
/\ state = [s1 |-> Candidate, s2 |-> Candidate, s3 |-> Follower]
/\ allLogs = {<<>>}
/\ commitIndex = [s1 |-> 0, s2 |-> 0, s3 |-> 0]
/\ currentTerm = [s1 |-> 2, s2 |-> 2, s3 |-> 2]
/\ committedLog = <<>>
/\ nextIndex = [ s1 |-> [s1 |-> 1, s2 |-> 1, s3 |-> 1],
  s2 |-> [s1 |-> 1, s2 |-> 1, s3 |-> 1],
  s3 |-> [s1 |-> 1, s2 |-> 1, s3 |-> 1] ]
/\ votesGranted = [s1 |-> {"s2"}, s2 |-> {}, s3 |-> {"s3"}]
/\ votesSent = [s1 |-> FALSE, s2 |-> FALSE, s3 |-> FALSE]
/\ voterLog = [s1 |-> [s2 |-> <<>>], s2 |-> << >>, s3 |-> [s3 |-> <<>>]]
/\ votedFor = [s1 |-> "s2", s2 |-> "s1", s3 |-> "s1"]

@!@!@ENDMSG 2216 @!@!@
@!@!@STARTMSG 2216:4 @!@!@
27:
/\ elections = {}
/\ committedLogDecrease = FALSE
/\ messages = ( [ mtype |-> RequestVoteResponse,
    mterm |-> 2,
    msource |-> "s1",
    mdest |-> "s2",
    mlog |-> <<>>,
    mvoteGranted |-> TRUE ] :>
      1 @@
  [ mtype |-> RequestVoteResponse,
    mterm |-> 2,
    msource |-> "s1",
    mdest |-> "s3",
    mlog |-> <<>>,
    mvoteGranted |-> FALSE ] :>
      1 @@
  [ mtype |-> RequestVoteResponse,
    mterm |-> 2,
    msource |-> "s2",
    mdest |-> "s1",
    mlog |-> <<>>,
    mvoteGranted |-> TRUE ] :>
      0 @@
  [ mtype |-> RequestVoteResponse,
    mterm |-> 2,
    msource |-> "s3",
    mdest |-> "s1",
    mlog |-> <<>>,
    mvoteGranted |-> TRUE ] :>
      1 @@
  [ mtype |-> RequestVoteResponse,
    mterm |-> 2,
    msource |-> "s3",
    mdest |-> "s3",
    mlog |-> <<>>,
    mvoteGranted |-> TRUE ] :>
      0 @@
  [ mtype |-> RequestVoteRequest,
    mterm |-> 2,
    mlastLogTerm |-> 0,
    mlastLogIndex |-> 0,
    msource |-> "s1",
    mdest |-> "s1" ] :>
      1 @@
  [ mtype |-> RequestVoteRequest,
    mterm |-> 2,
    mlastLogTerm |-> 0,
    mlastLogIndex |-> 0,
    msource |-> "s1",
    mdest |-> "s2" ] :>
      0 @@
  [ mtype |-> RequestVoteRequest,
    mterm |-> 2,
    mlastLogTerm |-> 0,
    mlastLogIndex |-> 0,
    msource |-> "s1",
    mdest |-> "s3" ] :>
      0 @@
  [ mtype |-> RequestVoteRequest,
    mterm |-> 2,
    mlastLogTerm |-> 0,
    mlastLogIndex |-> 0,
    msource |-> "s2",
    mdest |-> "s1" ] :>
      0 @@
  [ mtype |-> RequestVoteRequest,
    mterm |-> 2,
    mlastLogTerm |-> 0,
    mlastLogIndex |-> 0,
    msource |-> "s2",
    mdest |-> "s3" ] :>
      1 @@
  [ mtype |-> RequestVoteRequest,
    mterm |-> 2,
    mlastLogTerm |-> 0,
    mlastLogIndex |-> 0,
    msource |-> "s3",
    mdest |-> "s1" ] :>
      0 @@
  [ mtype |-> RequestVoteRequest,
    mterm |-> 2,
    mlastLogTerm |-> 0,
    mlastLogIndex |-> 0,
    msource |-> "s3",
    mdest |-> "s3" ] :>
      0 )
/\ clientRequests = 1
/\ matchIndex = [ s1 |-> [s1 |-> 0, s2 |-> 0, s3 |-> 0],
  s2 |-> [s1 |-> 0, s2 |-> 0, s3 |-> 0],
  s3 |-> [s1 |-> 0, s2 |-> 0, s3 |-> 0] ]
/\ log = [s1 |-> <<>>, s2 |-> <<>>, s3 |-> <<>>]
/\ state = [s1 |-> Candidate, s2 |-> Candidate, s3 |-> Follower]
/\ allLogs = {<<>>}
/\ commitIndex = [s1 |-> 0, s2 |-> 0, s3 |-> 0]
/\ currentTerm = [s1 |-> 2, s2 |-> 2, s3 |-> 2]
/\ committedLog = <<>>
/\ nextIndex = [ s1 |-> [s1 |-> 1, s2 |-> 1, s3 |-> 1],
  s2 |-> [s1 |-> 1, s2 |-> 1, s3 |-> 1],
  s3 |-> [s1 |-> 1, s2 |-> 1, s3 |-> 1] ]
/\ votesGranted = [s1 |-> {"s2"}, s2 |-> {}, s3 |-> {"s3"}]
/\ votesSent = [s1 |-> FALSE, s2 |-> FALSE, s3 |-> FALSE]
/\ voterLog = [s1 |-> [s2 |-> <<>>], s2 |-> << >>, s3 |-> [s3 |-> <<>>]]
/\ votedFor = [s1 |-> "s2", s2 |-> "s1", s3 |-> "s1"]

@!@!@ENDMSG 2216 @!@!@
@!@!@STARTMSG 2216:4 @!@!@
28:
/\ elections = {}
/\ committedLogDecrease = FALSE
/\ messages = ( [ mtype |-> RequestVoteResponse,
    mterm |-> 2,
    msource |-> "s1",
    mdest |-> "s2",
    mlog |-> <<>>,
    mvoteGranted |-> TRUE ] :>
      1 @@
  [ mtype |-> RequestVoteResponse,
    mterm |-> 2,
    msource |-> "s1",
    mdest |-> "s3",
    mlog |-> <<>>,
    mvoteGranted |-> FALSE ] :>
      1 @@
  [ mtype |-> RequestVoteResponse,
    mterm |-> 2,
    msource |-> "s2",
    mdest |-> "s1",
    mlog |-> <<>>,
    mvoteGranted |-> TRUE ] :>
      0 @@
  [ mtype |-> RequestVoteResponse,
    mterm |-> 2,
    msource |-> "s3",
    mdest |-> "s1",
    mlog |-> <<>>,
    mvoteGranted |-> TRUE ] :>
      1 @@
  [ mtype |-> RequestVoteResponse,
    mterm |-> 2,
    msource |-> "s3",
    mdest |-> "s3",
    mlog |-> <<>>,
    mvoteGranted |-> TRUE ] :>
      0 @@
  [ mtype |-> RequestVoteRequest,
    mterm |-> 2,
    mlastLogTerm |-> 0,
    mlastLogIndex |-> 0,
    msource |-> "s1",
    mdest |-> "s1" ] :>
      1 @@
  [ mtype |-> RequestVoteRequest,
    mterm |-> 2,
    mlastLogTerm |-> 0,
    mlastLogIndex |-> 0,
    msource |-> "s1",
    mdest |-> "s2" ] :>
      0 @@
  [ mtype |-> RequestVoteRequest,
    mterm |-> 2,
    mlastLogTerm |-> 0,
    mlastLogIndex |-> 0,
    msource |-> "s1",
    mdest |-> "s3" ] :>
      0 @@
  [ mtype |-> RequestVoteRequest,
    mterm |-> 2,
    mlastLogTerm |-> 0,
    mlastLogIndex |-> 0,
    msource |-> "s2",
    mdest |-> "s1" ] :>
      0 @@
  [ mtype |-> RequestVoteRequest,
    mterm |-> 2,
    mlastLogTerm |-> 0,
    mlastLogIndex |-> 0,
    msource |-> "s2",
    mdest |-> "s3" ] :>
      1 @@
  [ mtype |-> RequestVoteRequest,
    mterm |-> 2,
    mlastLogTerm |-> 0,
    mlastLogIndex |-> 0,
    msource |-> "s3",
    mdest |-> "s1" ] :>
      0 @@
  [ mtype |-> RequestVoteRequest,
    mterm |-> 2,
    mlastLogTerm |-> 0,
    mlastLogIndex |-> 0,
    msource |-> "s3",
    mdest |-> "s3" ] :>
      0 )
/\ clientRequests = 1
/\ matchIndex = [ s1 |-> [s1 |-> 0, s2 |-> 0, s3 |-> 0],
  s2 |-> [s1 |-> 0, s2 |-> 0, s3 |-> 0],
  s3 |-> [s1 |-> 0, s2 |-> 0, s3 |-> 0] ]
/\ log = [s1 |-> <<>>, s2 |-> <<>>, s3 |-> <<>>]
/\ state = [s1 |-> Candidate, s2 |-> Candidate, s3 |-> Follower]
/\ allLogs = {<<>>}
/\ commitIndex = [s1 |-> 0, s2 |-> 0, s3 |-> 0]
/\ currentTerm = [s1 |-> 2, s2 |-> 2, s3 |-> 2]
/\ committedLog = <<>>
/\ nextIndex = [ s1 |-> [s1 |-> 1, s2 |-> 1, s3 |-> 1],
  s2 |-> [s1 |-> 1, s2 |-> 1, s3 |-> 1],
  s3 |-> [s1 |-> 1, s2 |-> 1, s3 |-> 1] ]
/\ votesGranted = [s1 |-> {"s2"}, s2 |-> {}, s3 |-> {"s3"}]
/\ votesSent = [s1 |-> FALSE, s2 |-> FALSE, s3 |-> FALSE]
/\ voterLog = [s1 |-> [s2 |-> <<>>], s2 |-> << >>, s3 |-> [s3 |-> <<>>]]
/\ votedFor = [s1 |-> "s2", s2 |-> "s1", s3 |-> "s1"]

@!@!@ENDMSG 2216 @!@!@
@!@!@STARTMSG 2216:4 @!@!@
29:
/\ elections = {}
/\ committedLogDecrease = FALSE
/\ messages = ( [ mtype |-> RequestVoteResponse,
    mterm |-> 2,
    msource |-> "s1",
    mdest |-> "s2",
    mlog |-> <<>>,
    mvoteGranted |-> TRUE ] :>
      1 @@
  [ mtype |-> RequestVoteResponse,
    mterm |-> 2,
    msource |-> "s1",
    mdest |-> "s3",
    mlog |-> <<>>,
    mvoteGranted |-> FALSE ] :>
      1 @@
  [ mtype |-> RequestVoteResponse,
    mterm |-> 2,
    msource |-> "s2",
    mdest |-> "s1",
    mlog |-> <<>>,
    mvoteGranted |-> TRUE ] :>
      0 @@
  [ mtype |-> RequestVoteResponse,
    mterm |-> 2,
    msource |-> "s3",
    mdest |-> "s1",
    mlog |-> <<>>,
    mvoteGranted |-> TRUE ] :>
      1 @@
  [ mtype |-> RequestVoteResponse,
    mterm |-> 2,
    msource |-> "s3",
    mdest |-> "s3",
    mlog |-> <<>>,
    mvoteGranted |-> TRUE ] :>
      0 @@
  [ mtype |-> RequestVoteRequest,
    mterm |-> 2,
    mlastLogTerm |-> 0,
    mlastLogIndex |-> 0,
    msource |-> "s1",
    mdest |-> "s1" ] :>
      1 @@
  [ mtype |-> RequestVoteRequest,
    mterm |-> 2,
    mlastLogTerm |-> 0,
    mlastLogIndex |-> 0,
    msource |-> "s1",
    mdest |-> "s2" ] :>
      0 @@
  [ mtype |-> RequestVoteRequest,
    mterm |-> 2,
    mlastLogTerm |-> 0,
    mlastLogIndex |-> 0,
    msource |-> "s1",
    mdest |-> "s3" ] :>
      0 @@
  [ mtype |-> RequestVoteRequest,
    mterm |-> 2,
    mlastLogTerm |-> 0,
    mlastLogIndex |-> 0,
    msource |-> "s2",
    mdest |-> "s1" ] :>
      0 @@
  [ mtype |-> RequestVoteRequest,
    mterm |-> 2,
    mlastLogTerm |-> 0,
    mlastLogIndex |-> 0,
    msource |-> "s2",
    mdest |-> "s3" ] :>
      1 @@
  [ mtype |-> RequestVoteRequest,
    mterm |-> 2,
    mlastLogTerm |-> 0,
    mlastLogIndex |-> 0,
    msource |-> "s3",
    mdest |-> "s1" ] :>
      0 @@
  [ mtype |-> RequestVoteRequest,
    mterm |-> 2,
    mlastLogTerm |-> 0,
    mlastLogIndex |-> 0,
    msource |-> "s3",
    mdest |-> "s3" ] :>
      0 )
/\ clientRequests = 1
/\ matchIndex = [ s1 |-> [s1 |-> 0, s2 |-> 0, s3 |-> 0],
  s2 |-> [s1 |-> 0, s2 |-> 0, s3 |-> 0],
  s3 |-> [s1 |-> 0, s2 |-> 0, s3 |-> 0] ]
/\ log = [s1 |-> <<>>, s2 |-> <<>>, s3 |-> <<>>]
/\ state = [s1 |-> Candidate, s2 |-> Candidate, s3 |-> Follower]
/\ allLogs = {<<>>}
/\ commitIndex = [s1 |-> 0, s2 |-> 0, s3 |-> 0]
/\ currentTerm = [s1 |-> 2, s2 |-> 2, s3 |-> 2]
/\ committedLog = <<>>
/\ nextIndex = [ s1 |-> [s1 |-> 1, s2 |-> 1, s3 |-> 1],
  s2 |-> [s1 |-> 1, s2 |-> 1, s3 |-> 1],
  s3 |-> [s1 |-> 1, s2 |-> 1, s3 |-> 1] ]
/\ votesGranted = [s1 |-> {"s2"}, s2 |-> {}, s3 |-> {"s3"}]
/\ votesSent = [s1 |-> FALSE, s2 |-> FALSE, s3 |-> FALSE]
/\ voterLog = [s1 |-> [s2 |-> <<>>], s2 |-> << >>, s3 |-> [s3 |-> <<>>]]
/\ votedFor = [s1 |-> "s2", s2 |-> "s1", s3 |-> "s1"]

@!@!@ENDMSG 2216 @!@!@
@!@!@STARTMSG 2216:4 @!@!@
30:
/\ elections = {}
/\ committedLogDecrease = FALSE
/\ messages = ( [ mtype |-> RequestVoteResponse,
    mterm |-> 2,
    msource |-> "s1",
    mdest |-> "s2",
    mlog |-> <<>>,
    mvoteGranted |-> TRUE ] :>
      1 @@
  [ mtype |-> RequestVoteResponse,
    mterm |-> 2,
    msource |-> "s1",
    mdest |-> "s3",
    mlog |-> <<>>,
    mvoteGranted |-> FALSE ] :>
      1 @@
  [ mtype |-> RequestVoteResponse,
    mterm |-> 2,
    msource |-> "s2",
    mdest |-> "s1",
    mlog |-> <<>>,
    mvoteGranted |-> TRUE ] :>
      0 @@
  [ mtype |-> RequestVoteResponse,
    mterm |-> 2,
    msource |-> "s3",
    mdest |-> "s1",
    mlog |-> <<>>,
    mvoteGranted |-> TRUE ] :>
      1 @@
  [ mtype |-> RequestVoteResponse,
    mterm |-> 2,
    msource |-> "s3",
    mdest |-> "s3",
    mlog |-> <<>>,
    mvoteGranted |-> TRUE ] :>
      0 @@
  [ mtype |-> RequestVoteRequest,
    mterm |-> 2,
    mlastLogTerm |-> 0,
    mlastLogIndex |-> 0,
    msource |-> "s1",
    mdest |-> "s1" ] :>
      1 @@
  [ mtype |-> RequestVoteRequest,
    mterm |-> 2,
    mlastLogTerm |-> 0,
    mlastLogIndex |-> 0,
    msource |-> "s1",
    mdest |-> "s2" ] :>
      0 @@
  [ mtype |-> RequestVoteRequest,
    mterm |-> 2,
    mlastLogTerm |-> 0,
    mlastLogIndex |-> 0,
    msource |-> "s1",
    mdest |-> "s3" ] :>
      0 @@
  [ mtype |-> RequestVoteRequest,
    mterm |-> 2,
    mlastLogTerm |-> 0,
    mlastLogIndex |-> 0,
    msource |-> "s2",
    mdest |-> "s1" ] :>
      0 @@
  [ mtype |-> RequestVoteRequest,
    mterm |-> 2,
    mlastLogTerm |-> 0,
    mlastLogIndex |-> 0,
    msource |-> "s2",
    mdest |-> "s2" ] :>
      1 @@
  [ mtype |-> RequestVoteRequest,
    mterm |-> 2,
    mlastLogTerm |-> 0,
    mlastLogIndex |-> 0,
    msource |-> "s2",
    mdest |-> "s3" ] :>
      1 @@
  [ mtype |-> RequestVoteRequest,
    mterm |-> 2,
    mlastLogTerm |-> 0,
    mlastLogIndex |-> 0,
    msource |-> "s3",
    mdest |-> "s1" ] :>
      0 @@
  [ mtype |-> RequestVoteRequest,
    mterm |-> 2,
    mlastLogTerm |-> 0,
    mlastLogIndex |-> 0,
    msource |-> "s3",
    mdest |-> "s3" ] :>
      0 )
/\ clientRequests = 1
/\ matchIndex = [ s1 |-> [s1 |-> 0, s2 |-> 0, s3 |-> 0],
  s2 |-> [s1 |-> 0, s2 |-> 0, s3 |-> 0],
  s3 |-> [s1 |-> 0, s2 |-> 0, s3 |-> 0] ]
/\ log = [s1 |-> <<>>, s2 |-> <<>>, s3 |-> <<>>]
/\ state = [s1 |-> Candidate, s2 |-> Candidate, s3 |-> Follower]
/\ allLogs = {<<>>}
/\ commitIndex = [s1 |-> 0, s2 |-> 0, s3 |-> 0]
/\ currentTerm = [s1 |-> 2, s2 |-> 2, s3 |-> 2]
/\ committedLog = <<>>
/\ nextIndex = [ s1 |-> [s1 |-> 1, s2 |-> 1, s3 |-> 1],
  s2 |-> [s1 |-> 1, s2 |-> 1, s3 |-> 1],
  s3 |-> [s1 |-> 1, s2 |-> 1, s3 |-> 1] ]
/\ votesGranted = [s1 |-> {"s2"}, s2 |-> {}, s3 |-> {"s3"}]
/\ votesSent = [s1 |-> FALSE, s2 |-> FALSE, s3 |-> FALSE]
/\ voterLog = [s1 |-> [s2 |-> <<>>], s2 |-> << >>, s3 |-> [s3 |-> <<>>]]
/\ votedFor = [s1 |-> "s2", s2 |-> "s1", s3 |-> "s1"]

@!@!@ENDMSG 2216 @!@!@
@!@!@STARTMSG 2216:4 @!@!@
31:
/\ elections = {}
/\ committedLogDecrease = FALSE
/\ messages = ( [ mtype |-> RequestVoteResponse,
    mterm |-> 2,
    msource |-> "s1",
    mdest |-> "s2",
    mlog |-> <<>>,
    mvoteGranted |-> TRUE ] :>
      1 @@
  [ mtype |-> RequestVoteResponse,
    mterm |-> 2,
    msource |-> "s1",
    mdest |-> "s3",
    mlog |-> <<>>,
    mvoteGranted |-> FALSE ] :>
      1 @@
  [ mtype |-> RequestVoteResponse,
    mterm |-> 2,
    msource |-> "s2",
    mdest |-> "s1",
    mlog |-> <<>>,
    mvoteGranted |-> TRUE ] :>
      0 @@
  [ mtype |-> RequestVoteResponse,
    mterm |-> 2,
    msource |-> "s3",
    mdest |-> "s1",
    mlog |-> <<>>,
    mvoteGranted |-> TRUE ] :>
      1 @@
  [ mtype |-> RequestVoteResponse,
    mterm |-> 2,
    msource |-> "s3",
    mdest |-> "s3",
    mlog |-> <<>>,
    mvoteGranted |-> TRUE ] :>
      0 @@
  [ mtype |-> RequestVoteRequest,
    mterm |-> 2,
    mlastLogTerm |-> 0,
    mlastLogIndex |-> 0,
    msource |-> "s1",
    mdest |-> "s1" ] :>
      1 @@
  [ mtype |-> RequestVoteRequest,
    mterm |-> 2,
    mlastLogTerm |-> 0,
    mlastLogIndex |-> 0,
    msource |-> "s1",
    mdest |-> "s2" ] :>
      0 @@
  [ mtype |-> RequestVoteRequest,
    mterm |-> 2,
    mlastLogTerm |-> 0,
    mlastLogIndex |-> 0,
    msource |-> "s1",
    mdest |-> "s3" ] :>
      0 @@
  [ mtype |-> RequestVoteRequest,
    mterm |-> 2,
    mlastLogTerm |-> 0,
    mlastLogIndex |-> 0,
    msource |-> "s2",
    mdest |-> "s1" ] :>
      0 @@
  [ mtype |-> RequestVoteRequest,
    mterm |-> 2,
    mlastLogTerm |-> 0,
    mlastLogIndex |-> 0,
    msource |-> "s2",
    mdest |-> "s2" ] :>
      1 @@
  [ mtype |-> RequestVoteRequest,
    mterm |-> 2,
    mlastLogTerm |-> 0,
    mlastLogIndex |-> 0,
    msource |-> "s2",
    mdest |-> "s3" ] :>
      1 @@
  [ mtype |-> RequestVoteRequest,
    mterm |-> 2,
    mlastLogTerm |-> 0,
    mlastLogIndex |-> 0,
    msource |-> "s3",
    mdest |-> "s1" ] :>
      0 @@
  [ mtype |-> RequestVoteRequest,
    mterm |-> 2,
    mlastLogTerm |-> 0,
    mlastLogIndex |-> 0,
    msource |-> "s3",
    mdest |-> "s3" ] :>
      0 )
/\ clientRequests = 1
/\ matchIndex = [ s1 |-> [s1 |-> 0, s2 |-> 0, s3 |-> 0],
  s2 |-> [s1 |-> 0, s2 |-> 0, s3 |-> 0],
  s3 |-> [s1 |-> 0, s2 |-> 0, s3 |-> 0] ]
/\ log = [s1 |-> <<>>, s2 |-> <<>>, s3 |-> <<>>]
/\ state = [s1 |-> Candidate, s2 |-> Candidate, s3 |-> Follower]
/\ allLogs = {<<>>}
/\ commitIndex = [s1 |-> 0, s2 |-> 0, s3 |-> 0]
/\ currentTerm = [s1 |-> 2, s2 |-> 2, s3 |-> 2]
/\ committedLog = <<>>
/\ nextIndex = [ s1 |-> [s1 |-> 1, s2 |-> 1, s3 |-> 1],
  s2 |-> [s1 |-> 1, s2 |-> 1, s3 |-> 1],
  s3 |-> [s1 |-> 1, s2 |-> 1, s3 |-> 1] ]
/\ votesGranted = [s1 |-> {"s2"}, s2 |-> {}, s3 |-> {"s3"}]
/\ votesSent = [s1 |-> FALSE, s2 |-> FALSE, s3 |-> FALSE]
/\ voterLog = [s1 |-> [s2 |-> <<>>], s2 |-> << >>, s3 |-> [s3 |-> <<>>]]
/\ votedFor = [s1 |-> "s2", s2 |-> "s1", s3 |-> "s1"]

@!@!@ENDMSG 2216 @!@!@
@!@!@STARTMSG 2216:4 @!@!@
32:
/\ elections = {}
/\ committedLogDecrease = FALSE
/\ messages = ( [ mtype |-> RequestVoteResponse,
    mterm |-> 2,
    msource |-> "s1",
    mdest |-> "s2",
    mlog |-> <<>>,
    mvoteGranted |-> TRUE ] :>
      1 @@
  [ mtype |-> RequestVoteResponse,
    mterm |-> 2,
    msource |-> "s1",
    mdest |-> "s3",
    mlog |-> <<>>,
    mvoteGranted |-> FALSE ] :>
      1 @@
  [ mtype |-> RequestVoteResponse,
    mterm |-> 2,
    msource |-> "s2",
    mdest |-> "s1",
    mlog |-> <<>>,
    mvoteGranted |-> TRUE ] :>
      0 @@
  [ mtype |-> RequestVoteResponse,
    mterm |-> 2,
    msource |-> "s3",
    mdest |-> "s1",
    mlog |-> <<>>,
    mvoteGranted |-> TRUE ] :>
      0 @@
  [ mtype |-> RequestVoteResponse,
    mterm |-> 2,
    msource |-> "s3",
    mdest |-> "s3",
    mlog |-> <<>>,
    mvoteGranted |-> TRUE ] :>
      0 @@
  [ mtype |-> RequestVoteRequest,
    mterm |-> 2,
    mlastLogTerm |-> 0,
    mlastLogIndex |-> 0,
    msource |-> "s1",
    mdest |-> "s1" ] :>
      1 @@
  [ mtype |-> RequestVoteRequest,
    mterm |-> 2,
    mlastLogTerm |-> 0,
    mlastLogIndex |-> 0,
    msource |-> "s1",
    mdest |-> "s2" ] :>
      0 @@
  [ mtype |-> RequestVoteRequest,
    mterm |-> 2,
    mlastLogTerm |-> 0,
    mlastLogIndex |-> 0,
    msource |-> "s1",
    mdest |-> "s3" ] :>
      0 @@
  [ mtype |-> RequestVoteRequest,
    mterm |-> 2,
    mlastLogTerm |-> 0,
    mlastLogIndex |-> 0,
    msource |-> "s2",
    mdest |-> "s1" ] :>
      0 @@
  [ mtype |-> RequestVoteRequest,
    mterm |-> 2,
    mlastLogTerm |-> 0,
    mlastLogIndex |-> 0,
    msource |-> "s2",
    mdest |-> "s2" ] :>
      1 @@
  [ mtype |-> RequestVoteRequest,
    mterm |-> 2,
    mlastLogTerm |-> 0,
    mlastLogIndex |-> 0,
    msource |-> "s2",
    mdest |-> "s3" ] :>
      1 @@
  [ mtype |-> RequestVoteRequest,
    mterm |-> 2,
    mlastLogTerm |-> 0,
    mlastLogIndex |-> 0,
    msource |-> "s3",
    mdest |-> "s1" ] :>
      0 @@
  [ mtype |-> RequestVoteRequest,
    mterm |-> 2,
    mlastLogTerm |-> 0,
    mlastLogIndex |-> 0,
    msource |-> "s3",
    mdest |-> "s3" ] :>
      0 )
/\ clientRequests = 1
/\ matchIndex = [ s1 |-> [s1 |-> 0, s2 |-> 0, s3 |-> 0],
  s2 |-> [s1 |-> 0, s2 |-> 0, s3 |-> 0],
  s3 |-> [s1 |-> 0, s2 |-> 0, s3 |-> 0] ]
/\ log = [s1 |-> <<>>, s2 |-> <<>>, s3 |-> <<>>]
/\ state = [s1 |-> Candidate, s2 |-> Candidate, s3 |-> Follower]
/\ allLogs = {<<>>}
/\ commitIndex = [s1 |-> 0, s2 |-> 0, s3 |-> 0]
/\ currentTerm = [s1 |-> 2, s2 |-> 2, s3 |-> 2]
/\ committedLog = <<>>
/\ nextIndex = [ s1 |-> [s1 |-> 1, s2 |-> 1, s3 |-> 1],
  s2 |-> [s1 |-> 1, s2 |-> 1, s3 |-> 1],
  s3 |-> [s1 |-> 1, s2 |-> 1, s3 |-> 1] ]
/\ votesGranted = [s1 |-> {"s2", "s3"}, s2 |-> {}, s3 |-> {"s3"}]
/\ votesSent = [s1 |-> FALSE, s2 |-> FALSE, s3 |-> FALSE]
/\ voterLog = [s1 |-> [s2 |-> <<>>, s3 |-> <<>>], s2 |-> << >>, s3 |-> [s3 |-> <<>>]]
/\ votedFor = [s1 |-> "s2", s2 |-> "s1", s3 |-> "s1"]

@!@!@ENDMSG 2216 @!@!@
@!@!@STARTMSG 2216:4 @!@!@
33:
/\ elections = {}
/\ committedLogDecrease = FALSE
/\ messages = ( [ mtype |-> RequestVoteResponse,
    mterm |-> 2,
    msource |-> "s1",
    mdest |-> "s2",
    mlog |-> <<>>,
    mvoteGranted |-> TRUE ] :>
      1 @@
  [ mtype |-> RequestVoteResponse,
    mterm |-> 2,
    msource |-> "s1",
    mdest |-> "s3",
    mlog |-> <<>>,
    mvoteGranted |-> FALSE ] :>
      1 @@
  [ mtype |-> RequestVoteResponse,
    mterm |-> 2,
    msource |-> "s2",
    mdest |-> "s1",
    mlog |-> <<>>,
    mvoteGranted |-> TRUE ] :>
      0 @@
  [ mtype |-> RequestVoteResponse,
    mterm |-> 2,
    msource |-> "s3",
    mdest |-> "s1",
    mlog |-> <<>>,
    mvoteGranted |-> TRUE ] :>
      0 @@
  [ mtype |-> RequestVoteResponse,
    mterm |-> 2,
    msource |-> "s3",
    mdest |-> "s3",
    mlog |-> <<>>,
    mvoteGranted |-> TRUE ] :>
      0 @@
  [ mtype |-> RequestVoteRequest,
    mterm |-> 2,
    mlastLogTerm |-> 0,
    mlastLogIndex |-> 0,
    msource |-> "s1",
    mdest |-> "s1" ] :>
      1 @@
  [ mtype |-> RequestVoteRequest,
    mterm |-> 2,
    mlastLogTerm |-> 0,
    mlastLogIndex |-> 0,
    msource |-> "s1",
    mdest |-> "s2" ] :>
      0 @@
  [ mtype |-> RequestVoteRequest,
    mterm |-> 2,
    mlastLogTerm |-> 0,
    mlastLogIndex |-> 0,
    msource |-> "s1",
    mdest |-> "s3" ] :>
      0 @@
  [ mtype |-> RequestVoteRequest,
    mterm |-> 2,
    mlastLogTerm |-> 0,
    mlastLogIndex |-> 0,
    msource |-> "s2",
    mdest |-> "s1" ] :>
      0 @@
  [ mtype |-> RequestVoteRequest,
    mterm |-> 2,
    mlastLogTerm |-> 0,
    mlastLogIndex |-> 0,
    msource |-> "s2",
    mdest |-> "s2" ] :>
      1 @@
  [ mtype |-> RequestVoteRequest,
    mterm |-> 2,
    mlastLogTerm |-> 0,
    mlastLogIndex |-> 0,
    msource |-> "s2",
    mdest |-> "s3" ] :>
      1 @@
  [ mtype |-> RequestVoteRequest,
    mterm |-> 2,
    mlastLogTerm |-> 0,
    mlastLogIndex |-> 0,
    msource |-> "s3",
    mdest |-> "s1" ] :>
      0 @@
  [ mtype |-> RequestVoteRequest,
    mterm |-> 2,
    mlastLogTerm |-> 0,
    mlastLogIndex |-> 0,
    msource |-> "s3",
    mdest |-> "s3" ] :>
      0 )
/\ clientRequests = 1
/\ matchIndex = [ s1 |-> [s1 |-> 0, s2 |-> 0, s3 |-> 0],
  s2 |-> [s1 |-> 0, s2 |-> 0, s3 |-> 0],
  s3 |-> [s1 |-> 0, s2 |-> 0, s3 |-> 0] ]
/\ log = [s1 |-> <<>>, s2 |-> <<>>, s3 |-> <<>>]
/\ state = [s1 |-> Candidate, s2 |-> Candidate, s3 |-> Follower]
/\ allLogs = {<<>>}
/\ commitIndex = [s1 |-> 0, s2 |-> 0, s3 |-> 0]
/\ currentTerm = [s1 |-> 2, s2 |-> 2, s3 |-> 2]
/\ committedLog = <<>>
/\ nextIndex = [ s1 |-> [s1 |-> 1, s2 |-> 1, s3 |-> 1],
  s2 |-> [s1 |-> 1, s2 |-> 1, s3 |-> 1],
  s3 |-> [s1 |-> 1, s2 |-> 1, s3 |-> 1] ]
/\ votesGranted = [s1 |-> {"s2", "s3"}, s2 |-> {}, s3 |-> {"s3"}]
/\ votesSent = [s1 |-> FALSE, s2 |-> FALSE, s3 |-> FALSE]
/\ voterLog = [s1 |-> [s2 |-> <<>>, s3 |-> <<>>], s2 |-> << >>, s3 |-> [s3 |-> <<>>]]
/\ votedFor = [s1 |-> "s2", s2 |-> "s1", s3 |-> "s1"]

@!@!@ENDMSG 2216 @!@!@
@!@!@STARTMSG 2216:4 @!@!@
34:
/\ elections = {}
/\ committedLogDecrease = FALSE
/\ messages = ( [ mtype |-> RequestVoteResponse,
    mterm |-> 2,
    msource |-> "s1",
    mdest |-> "s2",
    mlog |-> <<>>,
    mvoteGranted |-> TRUE ] :>
      1 @@
  [ mtype |-> RequestVoteResponse,
    mterm |-> 2,
    msource |-> "s1",
    mdest |-> "s3",
    mlog |-> <<>>,
    mvoteGranted |-> FALSE ] :>
      1 @@
  [ mtype |-> RequestVoteResponse,
    mterm |-> 2,
    msource |-> "s2",
    mdest |-> "s1",
    mlog |-> <<>>,
    mvoteGranted |-> TRUE ] :>
      0 @@
  [ mtype |-> RequestVoteResponse,
    mterm |-> 2,
    msource |-> "s3",
    mdest |-> "s1",
    mlog |-> <<>>,
    mvoteGranted |-> TRUE ] :>
      0 @@
  [ mtype |-> RequestVoteResponse,
    mterm |-> 2,
    msource |-> "s3",
    mdest |-> "s3",
    mlog |-> <<>>,
    mvoteGranted |-> TRUE ] :>
      0 @@
  [ mtype |-> RequestVoteRequest,
    mterm |-> 2,
    mlastLogTerm |-> 0,
    mlastLogIndex |-> 0,
    msource |-> "s1",
    mdest |-> "s1" ] :>
      1 @@
  [ mtype |-> RequestVoteRequest,
    mterm |-> 2,
    mlastLogTerm |-> 0,
    mlastLogIndex |-> 0,
    msource |-> "s1",
    mdest |-> "s2" ] :>
      0 @@
  [ mtype |-> RequestVoteRequest,
    mterm |-> 2,
    mlastLogTerm |-> 0,
    mlastLogIndex |-> 0,
    msource |-> "s1",
    mdest |-> "s3" ] :>
      0 @@
  [ mtype |-> RequestVoteRequest,
    mterm |-> 2,
    mlastLogTerm |-> 0,
    mlastLogIndex |-> 0,
    msource |-> "s2",
    mdest |-> "s1" ] :>
      0 @@
  [ mtype |-> RequestVoteRequest,
    mterm |-> 2,
    mlastLogTerm |-> 0,
    mlastLogIndex |-> 0,
    msource |-> "s2",
    mdest |-> "s2" ] :>
      1 @@
  [ mtype |-> RequestVoteRequest,
    mterm |-> 2,
    mlastLogTerm |-> 0,
    mlastLogIndex |-> 0,
    msource |-> "s2",
    mdest |-> "s3" ] :>
      1 @@
  [ mtype |-> RequestVoteRequest,
    mterm |-> 2,
    mlastLogTerm |-> 0,
    mlastLogIndex |-> 0,
    msource |-> "s3",
    mdest |-> "s1" ] :>
      0 @@
  [ mtype |-> RequestVoteRequest,
    mterm |-> 2,
    mlastLogTerm |-> 0,
    mlastLogIndex |-> 0,
    msource |-> "s3",
    mdest |-> "s3" ] :>
      0 )
/\ clientRequests = 1
/\ matchIndex = [ s1 |-> [s1 |-> 0, s2 |-> 0, s3 |-> 0],
  s2 |-> [s1 |-> 0, s2 |-> 0, s3 |-> 0],
  s3 |-> [s1 |-> 0, s2 |-> 0, s3 |-> 0] ]
/\ log = [s1 |-> <<>>, s2 |-> <<>>, s3 |-> <<>>]
/\ state = [s1 |-> Candidate, s2 |-> Candidate, s3 |-> Follower]
/\ allLogs = {<<>>}
/\ commitIndex = [s1 |-> 0, s2 |-> 0, s3 |-> 0]
/\ currentTerm = [s1 |-> 2, s2 |-> 2, s3 |-> 2]
/\ committedLog = <<>>
/\ nextIndex = [ s1 |-> [s1 |-> 1, s2 |-> 1, s3 |-> 1],
  s2 |-> [s1 |-> 1, s2 |-> 1, s3 |-> 1],
  s3 |-> [s1 |-> 1, s2 |-> 1, s3 |-> 1] ]
/\ votesGranted = [s1 |-> {"s2", "s3"}, s2 |-> {}, s3 |-> {}]
/\ votesSent = [s1 |-> FALSE, s2 |-> FALSE, s3 |-> FALSE]
/\ voterLog = [s1 |-> [s2 |-> <<>>, s3 |-> <<>>], s2 |-> << >>, s3 |-> << >>]
/\ votedFor = [s1 |-> "s2", s2 |-> "s1", s3 |-> Nil]

@!@!@ENDMSG 2216 @!@!@
@!@!@STARTMSG 2216:4 @!@!@
35:
/\ elections = {}
/\ committedLogDecrease = FALSE
/\ messages = ( [ mtype |-> RequestVoteResponse,
    mterm |-> 2,
    msource |-> "s1",
    mdest |-> "s2",
    mlog |-> <<>>,
    mvoteGranted |-> TRUE ] :>
      0 @@
  [ mtype |-> RequestVoteResponse,
    mterm |-> 2,
    msource |-> "s1",
    mdest |-> "s3",
    mlog |-> <<>>,
    mvoteGranted |-> FALSE ] :>
      1 @@
  [ mtype |-> RequestVoteResponse,
    mterm |-> 2,
    msource |-> "s2",
    mdest |-> "s1",
    mlog |-> <<>>,
    mvoteGranted |-> TRUE ] :>
      0 @@
  [ mtype |-> RequestVoteResponse,
    mterm |-> 2,
    msource |-> "s3",
    mdest |-> "s1",
    mlog |-> <<>>,
    mvoteGranted |-> TRUE ] :>
      0 @@
  [ mtype |-> RequestVoteResponse,
    mterm |-> 2,
    msource |-> "s3",
    mdest |-> "s3",
    mlog |-> <<>>,
    mvoteGranted |-> TRUE ] :>
      0 @@
  [ mtype |-> RequestVoteRequest,
    mterm |-> 2,
    mlastLogTerm |-> 0,
    mlastLogIndex |-> 0,
    msource |-> "s1",
    mdest |-> "s1" ] :>
      1 @@
  [ mtype |-> RequestVoteRequest,
    mterm |-> 2,
    mlastLogTerm |-> 0,
    mlastLogIndex |-> 0,
    msource |-> "s1",
    mdest |-> "s2" ] :>
      0 @@
  [ mtype |-> RequestVoteRequest,
    mterm |-> 2,
    mlastLogTerm |-> 0,
    mlastLogIndex |-> 0,
    msource |-> "s1",
    mdest |-> "s3" ] :>
      0 @@
  [ mtype |-> RequestVoteRequest,
    mterm |-> 2,
    mlastLogTerm |-> 0,
    mlastLogIndex |-> 0,
    msource |-> "s2",
    mdest |-> "s1" ] :>
      0 @@
  [ mtype |-> RequestVoteRequest,
    mterm |-> 2,
    mlastLogTerm |-> 0,
    mlastLogIndex |-> 0,
    msource |-> "s2",
    mdest |-> "s2" ] :>
      1 @@
  [ mtype |-> RequestVoteRequest,
    mterm |-> 2,
    mlastLogTerm |-> 0,
    mlastLogIndex |-> 0,
    msource |-> "s2",
    mdest |-> "s3" ] :>
      1 @@
  [ mtype |-> RequestVoteRequest,
    mterm |-> 2,
    mlastLogTerm |-> 0,
    mlastLogIndex |-> 0,
    msource |-> "s3",
    mdest |-> "s1" ] :>
      0 @@
  [ mtype |-> RequestVoteRequest,
    mterm |-> 2,
    mlastLogTerm |-> 0,
    mlastLogIndex |-> 0,
    msource |-> "s3",
    mdest |-> "s3" ] :>
      0 )
/\ clientRequests = 1
/\ matchIndex = [ s1 |-> [s1 |-> 0, s2 |-> 0, s3 |-> 0],
  s2 |-> [s1 |-> 0, s2 |-> 0, s3 |-> 0],
  s3 |-> [s1 |-> 0, s2 |-> 0, s3 |-> 0] ]
/\ log = [s1 |-> <<>>, s2 |-> <<>>, s3 |-> <<>>]
/\ state = [s1 |-> Candidate, s2 |-> Candidate, s3 |-> Follower]
/\ allLogs = {<<>>}
/\ commitIndex = [s1 |-> 0, s2 |-> 0, s3 |-> 0]
/\ currentTerm = [s1 |-> 2, s2 |-> 2, s3 |-> 2]
/\ committedLog = <<>>
/\ nextIndex = [ s1 |-> [s1 |-> 1, s2 |-> 1, s3 |-> 1],
  s2 |-> [s1 |-> 1, s2 |-> 1, s3 |-> 1],
  s3 |-> [s1 |-> 1, s2 |-> 1, s3 |-> 1] ]
/\ votesGranted = [s1 |-> {"s2", "s3"}, s2 |-> {"s1"}, s3 |-> {}]
/\ votesSent = [s1 |-> FALSE, s2 |-> FALSE, s3 |-> FALSE]
/\ voterLog = [s1 |-> [s2 |-> <<>>, s3 |-> <<>>], s2 |-> [s1 |-> <<>>], s3 |-> << >>]
/\ votedFor = [s1 |-> "s2", s2 |-> "s1", s3 |-> Nil]

@!@!@ENDMSG 2216 @!@!@
@!@!@STARTMSG 2216:4 @!@!@
36:
/\ elections = {}
/\ committedLogDecrease = FALSE
/\ messages = ( [ mtype |-> RequestVoteResponse,
    mterm |-> 2,
    msource |-> "s1",
    mdest |-> "s2",
    mlog |-> <<>>,
    mvoteGranted |-> TRUE ] :>
      0 @@
  [ mtype |-> RequestVoteResponse,
    mterm |-> 2,
    msource |-> "s1",
    mdest |-> "s3",
    mlog |-> <<>>,
    mvoteGranted |-> FALSE ] :>
      1 @@
  [ mtype |-> RequestVoteResponse,
    mterm |-> 2,
    msource |-> "s2",
    mdest |-> "s1",
    mlog |-> <<>>,
    mvoteGranted |-> TRUE ] :>
      0 @@
  [ mtype |-> RequestVoteResponse,
    mterm |-> 2,
    msource |-> "s3",
    mdest |-> "s1",
    mlog |-> <<>>,
    mvoteGranted |-> TRUE ] :>
      0 @@
  [ mtype |-> RequestVoteResponse,
    mterm |-> 2,
    msource |-> "s3",
    mdest |-> "s2",
    mlog |-> <<>>,
    mvoteGranted |-> TRUE ] :>
      1 @@
  [ mtype |-> RequestVoteResponse,
    mterm |-> 2,
    msource |-> "s3",
    mdest |-> "s3",
    mlog |-> <<>>,
    mvoteGranted |-> TRUE ] :>
      0 @@
  [ mtype |-> RequestVoteRequest,
    mterm |-> 2,
    mlastLogTerm |-> 0,
    mlastLogIndex |-> 0,
    msource |-> "s1",
    mdest |-> "s1" ] :>
      1 @@
  [ mtype |-> RequestVoteRequest,
    mterm |-> 2,
    mlastLogTerm |-> 0,
    mlastLogIndex |-> 0,
    msource |-> "s1",
    mdest |-> "s2" ] :>
      0 @@
  [ mtype |-> RequestVoteRequest,
    mterm |-> 2,
    mlastLogTerm |-> 0,
    mlastLogIndex |-> 0,
    msource |-> "s1",
    mdest |-> "s3" ] :>
      0 @@
  [ mtype |-> RequestVoteRequest,
    mterm |-> 2,
    mlastLogTerm |-> 0,
    mlastLogIndex |-> 0,
    msource |-> "s2",
    mdest |-> "s1" ] :>
      0 @@
  [ mtype |-> RequestVoteRequest,
    mterm |-> 2,
    mlastLogTerm |-> 0,
    mlastLogIndex |-> 0,
    msource |-> "s2",
    mdest |-> "s2" ] :>
      1 @@
  [ mtype |-> RequestVoteRequest,
    mterm |-> 2,
    mlastLogTerm |-> 0,
    mlastLogIndex |-> 0,
    msource |-> "s2",
    mdest |-> "s3" ] :>
      0 @@
  [ mtype |-> RequestVoteRequest,
    mterm |-> 2,
    mlastLogTerm |-> 0,
    mlastLogIndex |-> 0,
    msource |-> "s3",
    mdest |-> "s1" ] :>
      0 @@
  [ mtype |-> RequestVoteRequest,
    mterm |-> 2,
    mlastLogTerm |-> 0,
    mlastLogIndex |-> 0,
    msource |-> "s3",
    mdest |-> "s3" ] :>
      0 )
/\ clientRequests = 1
/\ matchIndex = [ s1 |-> [s1 |-> 0, s2 |-> 0, s3 |-> 0],
  s2 |-> [s1 |-> 0, s2 |-> 0, s3 |-> 0],
  s3 |-> [s1 |-> 0, s2 |-> 0, s3 |-> 0] ]
/\ log = [s1 |-> <<>>, s2 |-> <<>>, s3 |-> <<>>]
/\ state = [s1 |-> Candidate, s2 |-> Candidate, s3 |-> Follower]
/\ allLogs = {<<>>}
/\ commitIndex = [s1 |-> 0, s2 |-> 0, s3 |-> 0]
/\ currentTerm = [s1 |-> 2, s2 |-> 2, s3 |-> 2]
/\ committedLog = <<>>
/\ nextIndex = [ s1 |-> [s1 |-> 1, s2 |-> 1, s3 |-> 1],
  s2 |-> [s1 |-> 1, s2 |-> 1, s3 |-> 1],
  s3 |-> [s1 |-> 1, s2 |-> 1, s3 |-> 1] ]
/\ votesGranted = [s1 |-> {"s2", "s3"}, s2 |-> {"s1"}, s3 |-> {}]
/\ votesSent = [s1 |-> FALSE, s2 |-> FALSE, s3 |-> FALSE]
/\ voterLog = [s1 |-> [s2 |-> <<>>, s3 |-> <<>>], s2 |-> [s1 |-> <<>>], s3 |-> << >>]
/\ votedFor = [s1 |-> "s2", s2 |-> "s1", s3 |-> "s2"]

@!@!@ENDMSG 2216 @!@!@
@!@!@STARTMSG 2216:4 @!@!@
37:
/\ elections = {}
/\ committedLogDecrease = FALSE
/\ messages = ( [ mtype |-> RequestVoteResponse,
    mterm |-> 2,
    msource |-> "s1",
    mdest |-> "s2",
    mlog |-> <<>>,
    mvoteGranted |-> TRUE ] :>
      0 @@
  [ mtype |-> RequestVoteResponse,
    mterm |-> 2,
    msource |-> "s1",
    mdest |-> "s3",
    mlog |-> <<>>,
    mvoteGranted |-> FALSE ] :>
      1 @@
  [ mtype |-> RequestVoteResponse,
    mterm |-> 2,
    msource |-> "s2",
    mdest |-> "s1",
    mlog |-> <<>>,
    mvoteGranted |-> TRUE ] :>
      0 @@
  [ mtype |-> RequestVoteResponse,
    mterm |-> 2,
    msource |-> "s3",
    mdest |-> "s1",
    mlog |-> <<>>,
    mvoteGranted |-> TRUE ] :>
      0 @@
  [ mtype |-> RequestVoteResponse,
    mterm |-> 2,
    msource |-> "s3",
    mdest |-> "s2",
    mlog |-> <<>>,
    mvoteGranted |-> TRUE ] :>
      1 @@
  [ mtype |-> RequestVoteResponse,
    mterm |-> 2,
    msource |-> "s3",
    mdest |-> "s3",
    mlog |-> <<>>,
    mvoteGranted |-> TRUE ] :>
      0 @@
  [ mtype |-> RequestVoteRequest,
    mterm |-> 2,
    mlastLogTerm |-> 0,
    mlastLogIndex |-> 0,
    msource |-> "s1",
    mdest |-> "s1" ] :>
      1 @@
  [ mtype |-> RequestVoteRequest,
    mterm |-> 2,
    mlastLogTerm |-> 0,
    mlastLogIndex |-> 0,
    msource |-> "s1",
    mdest |-> "s2" ] :>
      0 @@
  [ mtype |-> RequestVoteRequest,
    mterm |-> 2,
    mlastLogTerm |-> 0,
    mlastLogIndex |-> 0,
    msource |-> "s1",
    mdest |-> "s3" ] :>
      0 @@
  [ mtype |-> RequestVoteRequest,
    mterm |-> 2,
    mlastLogTerm |-> 0,
    mlastLogIndex |-> 0,
    msource |-> "s2",
    mdest |-> "s1" ] :>
      0 @@
  [ mtype |-> RequestVoteRequest,
    mterm |-> 2,
    mlastLogTerm |-> 0,
    mlastLogIndex |-> 0,
    msource |-> "s2",
    mdest |-> "s2" ] :>
      1 @@
  [ mtype |-> RequestVoteRequest,
    mterm |-> 2,
    mlastLogTerm |-> 0,
    mlastLogIndex |-> 0,
    msource |-> "s2",
    mdest |-> "s3" ] :>
      0 @@
  [ mtype |-> RequestVoteRequest,
    mterm |-> 2,
    mlastLogTerm |-> 0,
    mlastLogIndex |-> 0,
    msource |-> "s3",
    mdest |-> "s1" ] :>
      0 @@
  [ mtype |-> RequestVoteRequest,
    mterm |-> 2,
    mlastLogTerm |-> 0,
    mlastLogIndex |-> 0,
    msource |-> "s3",
    mdest |-> "s3" ] :>
      0 )
/\ clientRequests = 1
/\ matchIndex = [ s1 |-> [s1 |-> 0, s2 |-> 0, s3 |-> 0],
  s2 |-> [s1 |-> 0, s2 |-> 0, s3 |-> 0],
  s3 |-> [s1 |-> 0, s2 |-> 0, s3 |-> 0] ]
/\ log = [s1 |-> <<>>, s2 |-> <<>>, s3 |-> <<>>]
/\ state = [s1 |-> Candidate, s2 |-> Candidate, s3 |-> Follower]
/\ allLogs = {<<>>}
/\ commitIndex = [s1 |-> 0, s2 |-> 0, s3 |-> 0]
/\ currentTerm = [s1 |-> 2, s2 |-> 2, s3 |-> 2]
/\ committedLog = <<>>
/\ nextIndex = [ s1 |-> [s1 |-> 1, s2 |-> 1, s3 |-> 1],
  s2 |-> [s1 |-> 1, s2 |-> 1, s3 |-> 1],
  s3 |-> [s1 |-> 1, s2 |-> 1, s3 |-> 1] ]
/\ votesGranted = [s1 |-> {"s2", "s3"}, s2 |-> {"s1"}, s3 |-> {}]
/\ votesSent = [s1 |-> FALSE, s2 |-> FALSE, s3 |-> FALSE]
/\ voterLog = [s1 |-> [s2 |-> <<>>, s3 |-> <<>>], s2 |-> [s1 |-> <<>>], s3 |-> << >>]
/\ votedFor = [s1 |-> "s2", s2 |-> "s1", s3 |-> "s2"]

@!@!@ENDMSG 2216 @!@!@
@!@!@STARTMSG 2216:4 @!@!@
38:
/\ elections = {}
/\ committedLogDecrease = FALSE
/\ messages = ( [ mtype |-> RequestVoteResponse,
    mterm |-> 2,
    msource |-> "s1",
    mdest |-> "s2",
    mlog |-> <<>>,
    mvoteGranted |-> TRUE ] :>
      0 @@
  [ mtype |-> RequestVoteResponse,
    mterm |-> 2,
    msource |-> "s1",
    mdest |-> "s3",
    mlog |-> <<>>,
    mvoteGranted |-> FALSE ] :>
      1 @@
  [ mtype |-> RequestVoteResponse,
    mterm |-> 2,
    msource |-> "s2",
    mdest |-> "s1",
    mlog |-> <<>>,
    mvoteGranted |-> TRUE ] :>
      0 @@
  [ mtype |-> RequestVoteResponse,
    mterm |-> 2,
    msource |-> "s3",
    mdest |-> "s1",
    mlog |-> <<>>,
    mvoteGranted |-> TRUE ] :>
      0 @@
  [ mtype |-> RequestVoteResponse,
    mterm |-> 2,
    msource |-> "s3",
    mdest |-> "s2",
    mlog |-> <<>>,
    mvoteGranted |-> TRUE ] :>
      1 @@
  [ mtype |-> RequestVoteResponse,
    mterm |-> 2,
    msource |-> "s3",
    mdest |-> "s3",
    mlog |-> <<>>,
    mvoteGranted |-> TRUE ] :>
      0 @@
  [ mtype |-> RequestVoteRequest,
    mterm |-> 2,
    mlastLogTerm |-> 0,
    mlastLogIndex |-> 0,
    msource |-> "s1",
    mdest |-> "s1" ] :>
      1 @@
  [ mtype |-> RequestVoteRequest,
    mterm |-> 2,
    mlastLogTerm |-> 0,
    mlastLogIndex |-> 0,
    msource |-> "s1",
    mdest |-> "s2" ] :>
      0 @@
  [ mtype |-> RequestVoteRequest,
    mterm |-> 2,
    mlastLogTerm |-> 0,
    mlastLogIndex |-> 0,
    msource |-> "s1",
    mdest |-> "s3" ] :>
      0 @@
  [ mtype |-> RequestVoteRequest,
    mterm |-> 2,
    mlastLogTerm |-> 0,
    mlastLogIndex |-> 0,
    msource |-> "s2",
    mdest |-> "s1" ] :>
      0 @@
  [ mtype |-> RequestVoteRequest,
    mterm |-> 2,
    mlastLogTerm |-> 0,
    mlastLogIndex |-> 0,
    msource |-> "s2",
    mdest |-> "s2" ] :>
      1 @@
  [ mtype |-> RequestVoteRequest,
    mterm |-> 2,
    mlastLogTerm |-> 0,
    mlastLogIndex |-> 0,
    msource |-> "s2",
    mdest |-> "s3" ] :>
      0 @@
  [ mtype |-> RequestVoteRequest,
    mterm |-> 2,
    mlastLogTerm |-> 0,
    mlastLogIndex |-> 0,
    msource |-> "s3",
    mdest |-> "s1" ] :>
      0 @@
  [ mtype |-> RequestVoteRequest,
    mterm |-> 2,
    mlastLogTerm |-> 0,
    mlastLogIndex |-> 0,
    msource |-> "s3",
    mdest |-> "s3" ] :>
      0 )
/\ clientRequests = 1
/\ matchIndex = [ s1 |-> [s1 |-> 0, s2 |-> 0, s3 |-> 0],
  s2 |-> [s1 |-> 0, s2 |-> 0, s3 |-> 0],
  s3 |-> [s1 |-> 0, s2 |-> 0, s3 |-> 0] ]
/\ log = [s1 |-> <<>>, s2 |-> <<>>, s3 |-> <<>>]
/\ state = [s1 |-> Candidate, s2 |-> Candidate, s3 |-> Follower]
/\ allLogs = {<<>>}
/\ commitIndex = [s1 |-> 0, s2 |-> 0, s3 |-> 0]
/\ currentTerm = [s1 |-> 2, s2 |-> 2, s3 |-> 2]
/\ committedLog = <<>>
/\ nextIndex = [ s1 |-> [s1 |-> 1, s2 |-> 1, s3 |-> 1],
  s2 |-> [s1 |-> 1, s2 |-> 1, s3 |-> 1],
  s3 |-> [s1 |-> 1, s2 |-> 1, s3 |-> 1] ]
/\ votesGranted = [s1 |-> {"s2", "s3"}, s2 |-> {"s1"}, s3 |-> {}]
/\ votesSent = [s1 |-> FALSE, s2 |-> FALSE, s3 |-> FALSE]
/\ voterLog = [s1 |-> [s2 |-> <<>>, s3 |-> <<>>], s2 |-> [s1 |-> <<>>], s3 |-> << >>]
/\ votedFor = [s1 |-> "s2", s2 |-> "s1", s3 |-> "s2"]

@!@!@ENDMSG 2216 @!@!@
@!@!@STARTMSG 2216:4 @!@!@
39:
/\ elections = {}
/\ committedLogDecrease = FALSE
/\ messages = ( [ mtype |-> RequestVoteResponse,
    mterm |-> 2,
    msource |-> "s1",
    mdest |-> "s2",
    mlog |-> <<>>,
    mvoteGranted |-> TRUE ] :>
      0 @@
  [ mtype |-> RequestVoteResponse,
    mterm |-> 2,
    msource |-> "s1",
    mdest |-> "s3",
    mlog |-> <<>>,
    mvoteGranted |-> FALSE ] :>
      1 @@
  [ mtype |-> RequestVoteResponse,
    mterm |-> 2,
    msource |-> "s2",
    mdest |-> "s1",
    mlog |-> <<>>,
    mvoteGranted |-> TRUE ] :>
      0 @@
  [ mtype |-> RequestVoteResponse,
    mterm |-> 2,
    msource |-> "s3",
    mdest |-> "s1",
    mlog |-> <<>>,
    mvoteGranted |-> TRUE ] :>
      0 @@
  [ mtype |-> RequestVoteResponse,
    mterm |-> 2,
    msource |-> "s3",
    mdest |-> "s2",
    mlog |-> <<>>,
    mvoteGranted |-> TRUE ] :>
      0 @@
  [ mtype |-> RequestVoteResponse,
    mterm |-> 2,
    msource |-> "s3",
    mdest |-> "s3",
    mlog |-> <<>>,
    mvoteGranted |-> TRUE ] :>
      0 @@
  [ mtype |-> RequestVoteRequest,
    mterm |-> 2,
    mlastLogTerm |-> 0,
    mlastLogIndex |-> 0,
    msource |-> "s1",
    mdest |-> "s1" ] :>
      1 @@
  [ mtype |-> RequestVoteRequest,
    mterm |-> 2,
    mlastLogTerm |-> 0,
    mlastLogIndex |-> 0,
    msource |-> "s1",
    mdest |-> "s2" ] :>
      0 @@
  [ mtype |-> RequestVoteRequest,
    mterm |-> 2,
    mlastLogTerm |-> 0,
    mlastLogIndex |-> 0,
    msource |-> "s1",
    mdest |-> "s3" ] :>
      0 @@
  [ mtype |-> RequestVoteRequest,
    mterm |-> 2,
    mlastLogTerm |-> 0,
    mlastLogIndex |-> 0,
    msource |-> "s2",
    mdest |-> "s1" ] :>
      0 @@
  [ mtype |-> RequestVoteRequest,
    mterm |-> 2,
    mlastLogTerm |-> 0,
    mlastLogIndex |-> 0,
    msource |-> "s2",
    mdest |-> "s2" ] :>
      1 @@
  [ mtype |-> RequestVoteRequest,
    mterm |-> 2,
    mlastLogTerm |-> 0,
    mlastLogIndex |-> 0,
    msource |-> "s2",
    mdest |-> "s3" ] :>
      0 @@
  [ mtype |-> RequestVoteRequest,
    mterm |-> 2,
    mlastLogTerm |-> 0,
    mlastLogIndex |-> 0,
    msource |-> "s3",
    mdest |-> "s1" ] :>
      0 @@
  [ mtype |-> RequestVoteRequest,
    mterm |-> 2,
    mlastLogTerm |-> 0,
    mlastLogIndex |-> 0,
    msource |-> "s3",
    mdest |-> "s3" ] :>
      0 )
/\ clientRequests = 1
/\ matchIndex = [ s1 |-> [s1 |-> 0, s2 |-> 0, s3 |-> 0],
  s2 |-> [s1 |-> 0, s2 |-> 0, s3 |-> 0],
  s3 |-> [s1 |-> 0, s2 |-> 0, s3 |-> 0] ]
/\ log = [s1 |-> <<>>, s2 |-> <<>>, s3 |-> <<>>]
/\ state = [s1 |-> Candidate, s2 |-> Candidate, s3 |-> Follower]
/\ allLogs = {<<>>}
/\ commitIndex = [s1 |-> 0, s2 |-> 0, s3 |-> 0]
/\ currentTerm = [s1 |-> 2, s2 |-> 2, s3 |-> 2]
/\ committedLog = <<>>
/\ nextIndex = [ s1 |-> [s1 |-> 1, s2 |-> 1, s3 |-> 1],
  s2 |-> [s1 |-> 1, s2 |-> 1, s3 |-> 1],
  s3 |-> [s1 |-> 1, s2 |-> 1, s3 |-> 1] ]
/\ votesGranted = [s1 |-> {"s2", "s3"}, s2 |-> {"s1", "s3"}, s3 |-> {}]
/\ votesSent = [s1 |-> FALSE, s2 |-> FALSE, s3 |-> FALSE]
/\ voterLog = [ s1 |-> [s2 |-> <<>>, s3 |-> <<>>],
  s2 |-> [s1 |-> <<>>, s3 |-> <<>>],
  s3 |-> << >> ]
/\ votedFor = [s1 |-> "s2", s2 |-> "s1", s3 |-> "s2"]

@!@!@ENDMSG 2216 @!@!@
@!@!@STARTMSG 2216:4 @!@!@
40:
/\ elections = {}
/\ committedLogDecrease = FALSE
/\ messages = ( [ mtype |-> RequestVoteResponse,
    mterm |-> 2,
    msource |-> "s1",
    mdest |-> "s2",
    mlog |-> <<>>,
    mvoteGranted |-> TRUE ] :>
      0 @@
  [ mtype |-> RequestVoteResponse,
    mterm |-> 2,
    msource |-> "s1",
    mdest |-> "s3",
    mlog |-> <<>>,
    mvoteGranted |-> FALSE ] :>
      1 @@
  [ mtype |-> RequestVoteResponse,
    mterm |-> 2,
    msource |-> "s2",
    mdest |-> "s1",
    mlog |-> <<>>,
    mvoteGranted |-> TRUE ] :>
      0 @@
  [ mtype |-> RequestVoteResponse,
    mterm |-> 2,
    msource |-> "s2",
    mdest |-> "s2",
    mlog |-> <<>>,
    mvoteGranted |-> FALSE ] :>
      1 @@
  [ mtype |-> RequestVoteResponse,
    mterm |-> 2,
    msource |-> "s3",
    mdest |-> "s1",
    mlog |-> <<>>,
    mvoteGranted |-> TRUE ] :>
      0 @@
  [ mtype |-> RequestVoteResponse,
    mterm |-> 2,
    msource |-> "s3",
    mdest |-> "s2",
    mlog |-> <<>>,
    mvoteGranted |-> TRUE ] :>
      0 @@
  [ mtype |-> RequestVoteResponse,
    mterm |-> 2,
    msource |-> "s3",
    mdest |-> "s3",
    mlog |-> <<>>,
    mvoteGranted |-> TRUE ] :>
      0 @@
  [ mtype |-> RequestVoteRequest,
    mterm |-> 2,
    mlastLogTerm |-> 0,
    mlastLogIndex |-> 0,
    msource |-> "s1",
    mdest |-> "s1" ] :>
      1 @@
  [ mtype |-> RequestVoteRequest,
    mterm |-> 2,
    mlastLogTerm |-> 0,
    mlastLogIndex |-> 0,
    msource |-> "s1",
    mdest |-> "s2" ] :>
      0 @@
  [ mtype |-> RequestVoteRequest,
    mterm |-> 2,
    mlastLogTerm |-> 0,
    mlastLogIndex |-> 0,
    msource |-> "s1",
    mdest |-> "s3" ] :>
      0 @@
  [ mtype |-> RequestVoteRequest,
    mterm |-> 2,
    mlastLogTerm |-> 0,
    mlastLogIndex |-> 0,
    msource |-> "s2",
    mdest |-> "s1" ] :>
      0 @@
  [ mtype |-> RequestVoteRequest,
    mterm |-> 2,
    mlastLogTerm |-> 0,
    mlastLogIndex |-> 0,
    msource |-> "s2",
    mdest |-> "s2" ] :>
      0 @@
  [ mtype |-> RequestVoteRequest,
    mterm |-> 2,
    mlastLogTerm |-> 0,
    mlastLogIndex |-> 0,
    msource |-> "s2",
    mdest |-> "s3" ] :>
      0 @@
  [ mtype |-> RequestVoteRequest,
    mterm |-> 2,
    mlastLogTerm |-> 0,
    mlastLogIndex |-> 0,
    msource |-> "s3",
    mdest |-> "s1" ] :>
      0 @@
  [ mtype |-> RequestVoteRequest,
    mterm |-> 2,
    mlastLogTerm |-> 0,
    mlastLogIndex |-> 0,
    msource |-> "s3",
    mdest |-> "s3" ] :>
      0 )
/\ clientRequests = 1
/\ matchIndex = [ s1 |-> [s1 |-> 0, s2 |-> 0, s3 |-> 0],
  s2 |-> [s1 |-> 0, s2 |-> 0, s3 |-> 0],
  s3 |-> [s1 |-> 0, s2 |-> 0, s3 |-> 0] ]
/\ log = [s1 |-> <<>>, s2 |-> <<>>, s3 |-> <<>>]
/\ state = [s1 |-> Candidate, s2 |-> Candidate, s3 |-> Follower]
/\ allLogs = {<<>>}
/\ commitIndex = [s1 |-> 0, s2 |-> 0, s3 |-> 0]
/\ currentTerm = [s1 |-> 2, s2 |-> 2, s3 |-> 2]
/\ committedLog = <<>>
/\ nextIndex = [ s1 |-> [s1 |-> 1, s2 |-> 1, s3 |-> 1],
  s2 |-> [s1 |-> 1, s2 |-> 1, s3 |-> 1],
  s3 |-> [s1 |-> 1, s2 |-> 1, s3 |-> 1] ]
/\ votesGranted = [s1 |-> {"s2", "s3"}, s2 |-> {"s1", "s3"}, s3 |-> {}]
/\ votesSent = [s1 |-> FALSE, s2 |-> FALSE, s3 |-> FALSE]
/\ voterLog = [ s1 |-> [s2 |-> <<>>, s3 |-> <<>>],
  s2 |-> [s1 |-> <<>>, s3 |-> <<>>],
  s3 |-> << >> ]
/\ votedFor = [s1 |-> "s2", s2 |-> "s1", s3 |-> "s2"]

@!@!@ENDMSG 2216 @!@!@
@!@!@STARTMSG 2216:4 @!@!@
41:
/\ elections = { [ eterm |-> 2,
    eleader |-> "s2",
    elog |-> <<>>,
    evotes |-> {"s1", "s3"},
    evoterLog |-> [s1 |-> <<>>, s3 |-> <<>>] ] }
/\ committedLogDecrease = FALSE
/\ messages = ( [ mtype |-> RequestVoteResponse,
    mterm |-> 2,
    msource |-> "s1",
    mdest |-> "s2",
    mlog |-> <<>>,
    mvoteGranted |-> TRUE ] :>
      0 @@
  [ mtype |-> RequestVoteResponse,
    mterm |-> 2,
    msource |-> "s1",
    mdest |-> "s3",
    mlog |-> <<>>,
    mvoteGranted |-> FALSE ] :>
      1 @@
  [ mtype |-> RequestVoteResponse,
    mterm |-> 2,
    msource |-> "s2",
    mdest |-> "s1",
    mlog |-> <<>>,
    mvoteGranted |-> TRUE ] :>
      0 @@
  [ mtype |-> RequestVoteResponse,
    mterm |-> 2,
    msource |-> "s2",
    mdest |-> "s2",
    mlog |-> <<>>,
    mvoteGranted |-> FALSE ] :>
      1 @@
  [ mtype |-> RequestVoteResponse,
    mterm |-> 2,
    msource |-> "s3",
    mdest |-> "s1",
    mlog |-> <<>>,
    mvoteGranted |-> TRUE ] :>
      0 @@
  [ mtype |-> RequestVoteResponse,
    mterm |-> 2,
    msource |-> "s3",
    mdest |-> "s2",
    mlog |-> <<>>,
    mvoteGranted |-> TRUE ] :>
      0 @@
  [ mtype |-> RequestVoteResponse,
    mterm |-> 2,
    msource |-> "s3",
    mdest |-> "s3",
    mlog |-> <<>>,
    mvoteGranted |-> TRUE ] :>
      0 @@
  [ mtype |-> RequestVoteRequest,
    mterm |-> 2,
    mlastLogTerm |-> 0,
    mlastLogIndex |-> 0,
    msource |-> "s1",
    mdest |-> "s1" ] :>
      1 @@
  [ mtype |-> RequestVoteRequest,
    mterm |-> 2,
    mlastLogTerm |-> 0,
    mlastLogIndex |-> 0,
    msource |-> "s1",
    mdest |-> "s2" ] :>
      0 @@
  [ mtype |-> RequestVoteRequest,
    mterm |-> 2,
    mlastLogTerm |-> 0,
    mlastLogIndex |-> 0,
    msource |-> "s1",
    mdest |-> "s3" ] :>
      0 @@
  [ mtype |-> RequestVoteRequest,
    mterm |-> 2,
    mlastLogTerm |-> 0,
    mlastLogIndex |-> 0,
    msource |-> "s2",
    mdest |-> "s1" ] :>
      0 @@
  [ mtype |-> RequestVoteRequest,
    mterm |-> 2,
    mlastLogTerm |-> 0,
    mlastLogIndex |-> 0,
    msource |-> "s2",
    mdest |-> "s2" ] :>
      0 @@
  [ mtype |-> RequestVoteRequest,
    mterm |-> 2,
    mlastLogTerm |-> 0,
    mlastLogIndex |-> 0,
    msource |-> "s2",
    mdest |-> "s3" ] :>
      0 @@
  [ mtype |-> RequestVoteRequest,
    mterm |-> 2,
    mlastLogTerm |-> 0,
    mlastLogIndex |-> 0,
    msource |-> "s3",
    mdest |-> "s1" ] :>
      0 @@
  [ mtype |-> RequestVoteRequest,
    mterm |-> 2,
    mlastLogTerm |-> 0,
    mlastLogIndex |-> 0,
    msource |-> "s3",
    mdest |-> "s3" ] :>
      0 )
/\ clientRequests = 1
/\ matchIndex = [ s1 |-> [s1 |-> 0, s2 |-> 0, s3 |-> 0],
  s2 |-> [s1 |-> 0, s2 |-> 0, s3 |-> 0],
  s3 |-> [s1 |-> 0, s2 |-> 0, s3 |-> 0] ]
/\ log = [s1 |-> <<>>, s2 |-> <<>>, s3 |-> <<>>]
/\ state = [s1 |-> Candidate, s2 |-> Leader, s3 |-> Follower]
/\ allLogs = {<<>>}
/\ commitIndex = [s1 |-> 0, s2 |-> 0, s3 |-> 0]
/\ currentTerm = [s1 |-> 2, s2 |-> 2, s3 |-> 2]
/\ committedLog = <<>>
/\ nextIndex = [ s1 |-> [s1 |-> 1, s2 |-> 1, s3 |-> 1],
  s2 |-> [s1 |-> 1, s2 |-> 1, s3 |-> 1],
  s3 |-> [s1 |-> 1, s2 |-> 1, s3 |-> 1] ]
/\ votesGranted = [s1 |-> {"s2", "s3"}, s2 |-> {"s1", "s3"}, s3 |-> {}]
/\ votesSent = [s1 |-> FALSE, s2 |-> FALSE, s3 |-> FALSE]
/\ voterLog = [ s1 |-> [s2 |-> <<>>, s3 |-> <<>>],
  s2 |-> [s1 |-> <<>>, s3 |-> <<>>],
  s3 |-> << >> ]
/\ votedFor = [s1 |-> "s2", s2 |-> "s1", s3 |-> "s2"]

@!@!@ENDMSG 2216 @!@!@
@!@!@STARTMSG 2216:4 @!@!@
42:
/\ elections = { [ eterm |-> 2,
    eleader |-> "s1",
    elog |-> <<>>,
    evotes |-> {"s2", "s3"},
    evoterLog |-> [s2 |-> <<>>, s3 |-> <<>>] ],
  [ eterm |-> 2,
    eleader |-> "s2",
    elog |-> <<>>,
    evotes |-> {"s1", "s3"},
    evoterLog |-> [s1 |-> <<>>, s3 |-> <<>>] ] }
/\ committedLogDecrease = FALSE
/\ messages = ( [ mtype |-> RequestVoteResponse,
    mterm |-> 2,
    msource |-> "s1",
    mdest |-> "s2",
    mlog |-> <<>>,
    mvoteGranted |-> TRUE ] :>
      0 @@
  [ mtype |-> RequestVoteResponse,
    mterm |-> 2,
    msource |-> "s1",
    mdest |-> "s3",
    mlog |-> <<>>,
    mvoteGranted |-> FALSE ] :>
      1 @@
  [ mtype |-> RequestVoteResponse,
    mterm |-> 2,
    msource |-> "s2",
    mdest |-> "s1",
    mlog |-> <<>>,
    mvoteGranted |-> TRUE ] :>
      0 @@
  [ mtype |-> RequestVoteResponse,
    mterm |-> 2,
    msource |-> "s2",
    mdest |-> "s2",
    mlog |-> <<>>,
    mvoteGranted |-> FALSE ] :>
      1 @@
  [ mtype |-> RequestVoteResponse,
    mterm |-> 2,
    msource |-> "s3",
    mdest |-> "s1",
    mlog |-> <<>>,
    mvoteGranted |-> TRUE ] :>
      0 @@
  [ mtype |-> RequestVoteResponse,
    mterm |-> 2,
    msource |-> "s3",
    mdest |-> "s2",
    mlog |-> <<>>,
    mvoteGranted |-> TRUE ] :>
      0 @@
  [ mtype |-> RequestVoteResponse,
    mterm |-> 2,
    msource |-> "s3",
    mdest |-> "s3",
    mlog |-> <<>>,
    mvoteGranted |-> TRUE ] :>
      0 @@
  [ mtype |-> RequestVoteRequest,
    mterm |-> 2,
    mlastLogTerm |-> 0,
    mlastLogIndex |-> 0,
    msource |-> "s1",
    mdest |-> "s1" ] :>
      1 @@
  [ mtype |-> RequestVoteRequest,
    mterm |-> 2,
    mlastLogTerm |-> 0,
    mlastLogIndex |-> 0,
    msource |-> "s1",
    mdest |-> "s2" ] :>
      0 @@
  [ mtype |-> RequestVoteRequest,
    mterm |-> 2,
    mlastLogTerm |-> 0,
    mlastLogIndex |-> 0,
    msource |-> "s1",
    mdest |-> "s3" ] :>
      0 @@
  [ mtype |-> RequestVoteRequest,
    mterm |-> 2,
    mlastLogTerm |-> 0,
    mlastLogIndex |-> 0,
    msource |-> "s2",
    mdest |-> "s1" ] :>
      0 @@
  [ mtype |-> RequestVoteRequest,
    mterm |-> 2,
    mlastLogTerm |-> 0,
    mlastLogIndex |-> 0,
    msource |-> "s2",
    mdest |-> "s2" ] :>
      0 @@
  [ mtype |-> RequestVoteRequest,
    mterm |-> 2,
    mlastLogTerm |-> 0,
    mlastLogIndex |-> 0,
    msource |-> "s2",
    mdest |-> "s3" ] :>
      0 @@
  [ mtype |-> RequestVoteRequest,
    mterm |-> 2,
    mlastLogTerm |-> 0,
    mlastLogIndex |-> 0,
    msource |-> "s3",
    mdest |-> "s1" ] :>
      0 @@
  [ mtype |-> RequestVoteRequest,
    mterm |-> 2,
    mlastLogTerm |-> 0,
    mlastLogIndex |-> 0,
    msource |-> "s3",
    mdest |-> "s3" ] :>
      0 )
/\ clientRequests = 1
/\ matchIndex = [ s1 |-> [s1 |-> 0, s2 |-> 0, s3 |-> 0],
  s2 |-> [s1 |-> 0, s2 |-> 0, s3 |-> 0],
  s3 |-> [s1 |-> 0, s2 |-> 0, s3 |-> 0] ]
/\ log = [s1 |-> <<>>, s2 |-> <<>>, s3 |-> <<>>]
/\ state = [s1 |-> Leader, s2 |-> Leader, s3 |-> Follower]
/\ allLogs = {<<>>}
/\ commitIndex = [s1 |-> 0, s2 |-> 0, s3 |-> 0]
/\ currentTerm = [s1 |-> 2, s2 |-> 2, s3 |-> 2]
/\ committedLog = <<>>
/\ nextIndex = [ s1 |-> [s1 |-> 1, s2 |-> 1, s3 |-> 1],
  s2 |-> [s1 |-> 1, s2 |-> 1, s3 |-> 1],
  s3 |-> [s1 |-> 1, s2 |-> 1, s3 |-> 1] ]
/\ votesGranted = [s1 |-> {"s2", "s3"}, s2 |-> {"s1", "s3"}, s3 |-> {}]
/\ votesSent = [s1 |-> FALSE, s2 |-> FALSE, s3 |-> FALSE]
/\ voterLog = [ s1 |-> [s2 |-> <<>>, s3 |-> <<>>],
  s2 |-> [s1 |-> <<>>, s3 |-> <<>>],
  s3 |-> << >> ]
/\ votedFor = [s1 |-> "s2", s2 |-> "s1", s3 |-> "s2"]

@!@!@ENDMSG 2216 @!@!@
@!@!@STARTMSG 2209:0 @!@!@
Progress(-1) at 2020-04-05 18:42:10: 94548241 states generated, -1 distinct states found, -1 states left on queue.
@!@!@ENDMSG 2209 @!@!@
@!@!@STARTMSG 2210:0 @!@!@
The number of states generated: 94548269
Simulation using seed -5139882203543405201 and aril 0
@!@!@ENDMSG 2210 @!@!@
@!@!@STARTMSG 2209:0 @!@!@
Progress(-1) at 2020-04-05 18:42:10: 94549216 states generated, -1 distinct states found, -1 states left on queue.
@!@!@ENDMSG 2209 @!@!@
@!@!@STARTMSG 2186:0 @!@!@
Finished in 134225ms at (2020-04-05 18:42:10)
@!@!@ENDMSG 2186 @!@!@
