@!@!@STARTMSG 2262:0 @!@!@
TLC2 Version 2.14 of 10 July 2019
@!@!@ENDMSG 2262 @!@!@
@!@!@STARTMSG 2187:0 @!@!@
Running breadth-first search Model-Checking with fp 36 and seed -5955218316881631925 with 12 workers on 6 cores with 935MB heap and 2100MB offheap memory [pid: 15220] (Windows 10 10.0 amd64, AdoptOpenJDK 11.0.3 x86_64, OffHeapDiskFPSet, DiskStateQueue).
@!@!@ENDMSG 2187 @!@!@
@!@!@STARTMSG 2220:0 @!@!@
Starting SANY...
@!@!@ENDMSG 2220 @!@!@
Parsing file D:\workspace\daviszhen\raft.tla\raft_1.toolbox\Unique_Leader_Copy\MC.tla
Parsing file D:\workspace\daviszhen\raft.tla\raft_1.toolbox\Unique_Leader_Copy\raft.tla
Parsing file D:\tla-toolbox\plugins\org.lamport.tlatools_1.0.0.201907102009\tla2sany\StandardModules\TLC.tla
Parsing file D:\tla-toolbox\plugins\org.lamport.tlatools_1.0.0.201907102009\tla2sany\StandardModules\Naturals.tla
Parsing file D:\tla-toolbox\plugins\org.lamport.tlatools_1.0.0.201907102009\tla2sany\StandardModules\FiniteSets.tla
Parsing file D:\tla-toolbox\plugins\org.lamport.tlatools_1.0.0.201907102009\tla2sany\StandardModules\Sequences.tla
Semantic processing of module Naturals
Semantic processing of module Sequences
Semantic processing of module FiniteSets
Semantic processing of module TLC
Semantic processing of module raft
Semantic processing of module MC
@!@!@STARTMSG 2219:0 @!@!@
SANY finished.
@!@!@ENDMSG 2219 @!@!@
@!@!@STARTMSG 2185:0 @!@!@
Starting... (2020-04-04 16:53:07)
@!@!@ENDMSG 2185 @!@!@
@!@!@STARTMSG 2189:0 @!@!@
Computing initial states...
@!@!@ENDMSG 2189 @!@!@
@!@!@STARTMSG 2190:0 @!@!@
Finished computing initial states: 1 distinct state generated at 2020-04-04 16:53:09.
@!@!@ENDMSG 2190 @!@!@
@!@!@STARTMSG 2200:0 @!@!@
Progress(14) at 2020-04-04 16:53:12: 753,571 states generated (753,571 s/min), 95,980 distinct states found (95,980 ds/min), 44,156 states left on queue.
@!@!@ENDMSG 2200 @!@!@
@!@!@STARTMSG 2143:3 @!@!@
The variable commitIndex was changed while it is specified as UNCHANGED at
line 75, col 19 to line 75, col 29 of module raft
@!@!@ENDMSG 2143 @!@!@
@!@!@STARTMSG 2200:0 @!@!@
Progress(22) at 2020-04-04 16:54:12: 33,507,512 states generated (32,753,941 s/min), 3,162,801 distinct states found (3,066,821 ds/min), 1,205,636 states left on queue.
@!@!@ENDMSG 2200 @!@!@
@!@!@STARTMSG 2200:0 @!@!@
Progress(23) at 2020-04-04 16:55:12: 63,587,374 states generated (30,079,862 s/min), 6,183,940 distinct states found (3,021,139 ds/min), 2,517,630 states left on queue.
@!@!@ENDMSG 2200 @!@!@
@!@!@STARTMSG 2200:0 @!@!@
Progress(24) at 2020-04-04 16:56:12: 93,147,485 states generated (29,560,111 s/min), 9,138,088 distinct states found (2,954,148 ds/min), 3,883,459 states left on queue.
@!@!@ENDMSG 2200 @!@!@
@!@!@STARTMSG 2200:0 @!@!@
Progress(25) at 2020-04-04 16:57:12: 122,188,432 states generated (29,040,947 s/min), 12,079,312 distinct states found (2,941,224 ds/min), 5,142,689 states left on queue.
@!@!@ENDMSG 2200 @!@!@
@!@!@STARTMSG 2200:0 @!@!@
Progress(25) at 2020-04-04 16:58:12: 151,746,116 states generated (29,557,684 s/min), 14,868,221 distinct states found (2,788,909 ds/min), 6,450,411 states left on queue.
@!@!@ENDMSG 2200 @!@!@
@!@!@STARTMSG 2200:0 @!@!@
Progress(25) at 2020-04-04 16:59:12: 179,949,929 states generated (28,203,813 s/min), 17,630,406 distinct states found (2,762,185 ds/min), 7,683,966 states left on queue.
@!@!@ENDMSG 2200 @!@!@
@!@!@STARTMSG 2200:0 @!@!@
Progress(26) at 2020-04-04 17:00:12: 208,669,290 states generated (28,719,361 s/min), 20,348,868 distinct states found (2,718,462 ds/min), 8,774,030 states left on queue.
@!@!@ENDMSG 2200 @!@!@
@!@!@STARTMSG 2200:0 @!@!@
Progress(26) at 2020-04-04 17:01:12: 236,550,673 states generated (27,881,383 s/min), 23,159,507 distinct states found (2,810,639 ds/min), 10,163,871 states left on queue.
@!@!@ENDMSG 2200 @!@!@
@!@!@STARTMSG 2200:0 @!@!@
Progress(26) at 2020-04-04 17:02:12: 264,130,672 states generated (27,579,999 s/min), 25,683,895 distinct states found (2,524,388 ds/min), 11,323,660 states left on queue.
@!@!@ENDMSG 2200 @!@!@
@!@!@STARTMSG 2200:0 @!@!@
Progress(26) at 2020-04-04 17:03:12: 291,620,382 states generated (27,489,710 s/min), 28,157,264 distinct states found (2,473,369 ds/min), 12,421,566 states left on queue.
@!@!@ENDMSG 2200 @!@!@
@!@!@STARTMSG 2200:0 @!@!@
Progress(26) at 2020-04-04 17:04:12: 317,387,152 states generated (25,766,770 s/min), 30,577,481 distinct states found (2,420,217 ds/min), 13,452,016 states left on queue.
@!@!@ENDMSG 2200 @!@!@
@!@!@STARTMSG 2200:0 @!@!@
Progress(26) at 2020-04-04 17:05:12: 344,969,257 states generated (27,582,105 s/min), 33,070,907 distinct states found (2,493,426 ds/min), 14,430,654 states left on queue.
@!@!@ENDMSG 2200 @!@!@
@!@!@STARTMSG 2200:0 @!@!@
Progress(27) at 2020-04-04 17:06:12: 372,525,400 states generated (27,556,143 s/min), 35,714,076 distinct states found (2,643,169 ds/min), 15,540,004 states left on queue.
@!@!@ENDMSG 2200 @!@!@
@!@!@STARTMSG 2200:0 @!@!@
Progress(27) at 2020-04-04 17:07:12: 398,701,432 states generated (26,176,032 s/min), 38,268,582 distinct states found (2,554,506 ds/min), 16,651,536 states left on queue.
@!@!@ENDMSG 2200 @!@!@
@!@!@STARTMSG 2200:0 @!@!@
Progress(27) at 2020-04-04 17:08:12: 425,194,585 states generated (26,493,153 s/min), 40,998,223 distinct states found (2,729,641 ds/min), 18,133,519 states left on queue.
@!@!@ENDMSG 2200 @!@!@
@!@!@STARTMSG 2200:0 @!@!@
Progress(27) at 2020-04-04 17:09:12: 454,176,415 states generated (28,981,830 s/min), 43,149,873 distinct states found (2,151,650 ds/min), 18,965,470 states left on queue.
@!@!@ENDMSG 2200 @!@!@
@!@!@STARTMSG 2200:0 @!@!@
Progress(27) at 2020-04-04 17:10:12: 479,397,929 states generated (25,221,514 s/min), 45,615,953 distinct states found (2,466,080 ds/min), 20,177,701 states left on queue.
@!@!@ENDMSG 2200 @!@!@
@!@!@STARTMSG 2200:0 @!@!@
Progress(27) at 2020-04-04 17:11:12: 504,117,641 states generated (24,719,712 s/min), 47,683,882 distinct states found (2,067,929 ds/min), 21,014,412 states left on queue.
@!@!@ENDMSG 2200 @!@!@
@!@!@STARTMSG 2200:0 @!@!@
Progress(27) at 2020-04-04 17:12:12: 527,947,770 states generated (23,830,129 s/min), 50,024,616 distinct states found (2,340,734 ds/min), 22,159,190 states left on queue.
@!@!@ENDMSG 2200 @!@!@
@!@!@STARTMSG 2200:0 @!@!@
Progress(27) at 2020-04-04 17:13:13: 553,477,497 states generated (25,529,727 s/min), 52,137,965 distinct states found (2,113,349 ds/min), 22,993,341 states left on queue.
@!@!@ENDMSG 2200 @!@!@
@!@!@STARTMSG 2200:0 @!@!@
Progress(27) at 2020-04-04 17:14:13: 579,212,259 states generated (25,734,762 s/min), 54,675,024 distinct states found (2,537,059 ds/min), 24,144,129 states left on queue.
@!@!@ENDMSG 2200 @!@!@
@!@!@STARTMSG 2200:0 @!@!@
Progress(27) at 2020-04-04 17:15:13: 605,316,272 states generated (26,104,013 s/min), 56,990,292 distinct states found (2,315,268 ds/min), 25,046,447 states left on queue.
@!@!@ENDMSG 2200 @!@!@
@!@!@STARTMSG 2200:0 @!@!@
Progress(27) at 2020-04-04 17:16:13: 633,043,931 states generated (27,727,659 s/min), 59,505,015 distinct states found (2,514,723 ds/min), 26,061,381 states left on queue.
@!@!@ENDMSG 2200 @!@!@
@!@!@STARTMSG 2200:0 @!@!@
Progress(28) at 2020-04-04 17:17:13: 658,049,522 states generated (25,005,591 s/min), 61,794,168 distinct states found (2,289,153 ds/min), 26,943,189 states left on queue.
@!@!@ENDMSG 2200 @!@!@
@!@!@STARTMSG 2200:0 @!@!@
Progress(28) at 2020-04-04 17:18:13: 684,272,601 states generated (26,223,079 s/min), 64,116,119 distinct states found (2,321,951 ds/min), 27,909,790 states left on queue.
@!@!@ENDMSG 2200 @!@!@
@!@!@STARTMSG 2200:0 @!@!@
Progress(28) at 2020-04-04 17:19:13: 708,924,843 states generated (24,652,242 s/min), 66,416,948 distinct states found (2,300,829 ds/min), 28,933,042 states left on queue.
@!@!@ENDMSG 2200 @!@!@
@!@!@STARTMSG 2200:0 @!@!@
Progress(28) at 2020-04-04 17:20:13: 733,750,202 states generated (24,825,359 s/min), 68,795,318 distinct states found (2,378,370 ds/min), 30,016,530 states left on queue.
@!@!@ENDMSG 2200 @!@!@
@!@!@STARTMSG 2200:0 @!@!@
Progress(28) at 2020-04-04 17:21:13: 757,306,130 states generated (23,555,928 s/min), 71,090,197 distinct states found (2,294,879 ds/min), 31,220,424 states left on queue.
@!@!@ENDMSG 2200 @!@!@
@!@!@STARTMSG 2200:0 @!@!@
Progress(28) at 2020-04-04 17:22:13: 782,307,072 states generated (25,000,942 s/min), 73,506,054 distinct states found (2,415,857 ds/min), 32,525,886 states left on queue.
@!@!@ENDMSG 2200 @!@!@
@!@!@STARTMSG 2195:0 @!@!@
Checkpointing of run D:\workspace\daviszhen\raft.tla\raft_1.toolbox\Unique_Leader_Copy\20-04-04-16-53-07
@!@!@ENDMSG 2195 @!@!@
@!@!@STARTMSG 2196:0 @!@!@
Checkpointing completed at (2020-04-04 17:23:13)
@!@!@ENDMSG 2196 @!@!@
@!@!@STARTMSG 2200:0 @!@!@
Progress(28) at 2020-04-04 17:23:13: 809,537,346 states generated (27,230,274 s/min), 75,433,103 distinct states found (1,927,049 ds/min), 33,271,630 states left on queue.
@!@!@ENDMSG 2200 @!@!@
@!@!@STARTMSG 2200:0 @!@!@
Progress(28) at 2020-04-04 17:24:13: 835,632,749 states generated (26,095,403 s/min), 77,430,463 distinct states found (1,997,360 ds/min), 34,022,969 states left on queue.
@!@!@ENDMSG 2200 @!@!@
@!@!@STARTMSG 2200:0 @!@!@
Progress(28) at 2020-04-04 17:25:13: 859,003,704 states generated (23,370,955 s/min), 79,636,132 distinct states found (2,205,669 ds/min), 35,130,325 states left on queue.
@!@!@ENDMSG 2200 @!@!@
@!@!@STARTMSG 2200:0 @!@!@
Progress(28) at 2020-04-04 17:26:13: 882,430,651 states generated (23,426,947 s/min), 81,832,372 distinct states found (2,196,240 ds/min), 36,146,220 states left on queue.
@!@!@ENDMSG 2200 @!@!@
@!@!@STARTMSG 2200:0 @!@!@
Progress(28) at 2020-04-04 17:27:13: 907,895,607 states generated (25,464,956 s/min), 83,928,197 distinct states found (2,095,825 ds/min), 37,040,299 states left on queue.
@!@!@ENDMSG 2200 @!@!@
@!@!@STARTMSG 2200:0 @!@!@
Progress(28) at 2020-04-04 17:28:13: 931,872,845 states generated (23,977,238 s/min), 86,046,467 distinct states found (2,118,270 ds/min), 37,932,362 states left on queue.
@!@!@ENDMSG 2200 @!@!@
@!@!@STARTMSG 2200:0 @!@!@
Progress(28) at 2020-04-04 17:29:13: 954,377,998 states generated (22,505,153 s/min), 88,165,667 distinct states found (2,119,200 ds/min), 38,935,937 states left on queue.
@!@!@ENDMSG 2200 @!@!@
@!@!@STARTMSG 2200:0 @!@!@
Progress(28) at 2020-04-04 17:30:13: 979,052,597 states generated (24,674,599 s/min), 90,481,854 distinct states found (2,316,187 ds/min), 40,083,646 states left on queue.
@!@!@ENDMSG 2200 @!@!@
@!@!@STARTMSG 2200:0 @!@!@
Progress(28) at 2020-04-04 17:31:13: 1,004,496,180 states generated (25,443,583 s/min), 92,538,845 distinct states found (2,056,991 ds/min), 40,872,793 states left on queue.
@!@!@ENDMSG 2200 @!@!@
@!@!@STARTMSG 2200:0 @!@!@
Progress(28) at 2020-04-04 17:32:13: 1,028,101,192 states generated (23,605,012 s/min), 94,621,063 distinct states found (2,082,218 ds/min), 41,736,656 states left on queue.
@!@!@ENDMSG 2200 @!@!@
@!@!@STARTMSG 2200:0 @!@!@
Progress(28) at 2020-04-04 17:33:13: 1,052,787,927 states generated (24,686,735 s/min), 96,904,461 distinct states found (2,283,398 ds/min), 42,720,517 states left on queue.
@!@!@ENDMSG 2200 @!@!@
