@!@!@STARTMSG 2262:0 @!@!@
TLC2 Version 2.14 of 10 July 2019
@!@!@ENDMSG 2262 @!@!@
@!@!@STARTMSG 2187:0 @!@!@
Running breadth-first search Model-Checking with fp 51 and seed 3730714495056253129 with 12 workers on 6 cores with 1221MB heap and 2747MB offheap memory [pid: 16996] (Windows 10 10.0 amd64, AdoptOpenJDK 11.0.3 x86_64, OffHeapDiskFPSet, DiskStateQueue).
@!@!@ENDMSG 2187 @!@!@
@!@!@STARTMSG 2220:0 @!@!@
Starting SANY...
@!@!@ENDMSG 2220 @!@!@
Parsing file D:\workspace\daviszhen\raft.tla\raft_1.toolbox\Unique_Leader_Copy\MC.tla
Parsing file D:\workspace\daviszhen\raft.tla\raft_1.toolbox\Unique_Leader_Copy\raft.tla
Parsing file D:\tla-toolbox\plugins\org.lamport.tlatools_1.0.0.201907102009\tla2sany\StandardModules\TLC.tla
Parsing file D:\tla-toolbox\plugins\org.lamport.tlatools_1.0.0.201907102009\tla2sany\StandardModules\Naturals.tla
Parsing file D:\tla-toolbox\plugins\org.lamport.tlatools_1.0.0.201907102009\tla2sany\StandardModules\FiniteSets.tla
Parsing file D:\tla-toolbox\plugins\org.lamport.tlatools_1.0.0.201907102009\tla2sany\StandardModules\Sequences.tla
Semantic processing of module Naturals
Semantic processing of module Sequences
Semantic processing of module FiniteSets
Semantic processing of module TLC
Semantic processing of module raft
Semantic processing of module MC
@!@!@STARTMSG 2219:0 @!@!@
SANY finished.
@!@!@ENDMSG 2219 @!@!@
@!@!@STARTMSG 2185:0 @!@!@
Starting... (2020-04-04 16:46:21)
@!@!@ENDMSG 2185 @!@!@
@!@!@STARTMSG 2189:0 @!@!@
Computing initial states...
@!@!@ENDMSG 2189 @!@!@
@!@!@STARTMSG 2190:0 @!@!@
Finished computing initial states: 1 distinct state generated at 2020-04-04 16:46:22.
@!@!@ENDMSG 2190 @!@!@
@!@!@STARTMSG 2193:0 @!@!@
Model checking completed. No error has been found.
  Estimates of the probability that TLC did not check all reachable states
  because two distinct states had the same fingerprint:
  calculated (optimistic):  val = 1.4E-14
@!@!@ENDMSG 2193 @!@!@
@!@!@STARTMSG 2200:0 @!@!@
Progress(17) at 2020-04-04 16:46:22: 1,403 states generated (55,564 s/min), 226 distinct states found (8,950 ds/min), 0 states left on queue.
@!@!@ENDMSG 2200 @!@!@
@!@!@STARTMSG 2199:0 @!@!@
1403 states generated, 226 distinct states found, 0 states left on queue.
@!@!@ENDMSG 2199 @!@!@
@!@!@STARTMSG 2194:0 @!@!@
The depth of the complete state graph search is 17.
@!@!@ENDMSG 2194 @!@!@
@!@!@STARTMSG 2268:0 @!@!@
The average outdegree of the complete state graph is 1 (minimum is 0, the maximum 5 and the 95th percentile is 3).
@!@!@ENDMSG 2268 @!@!@
@!@!@STARTMSG 2186:0 @!@!@
Finished in 1520ms at (2020-04-04 16:46:22)
@!@!@ENDMSG 2186 @!@!@
